Sat Jun 01 14:11:26 Saved as file E:\PROJECTHOANGXU\2019\ESP32_RELAY\HW\V3\ESP8266D1-RELAY-V2_RL.MAX
Sat Jun 01 14:12:26 Saved as file E:\PROJECTHOANGXU\2019\ESP32_RELAY\HW\V3\ESP8266D1-RELAY-V2_RL.MAX
Sat Jun 01 14:12:38 Loaded file E:\PROJECTHOANGXU\2019\ESP32_RELAY\HW\V3\ESP8266D1-RELAY-V2_RL.MAX
Sat Jun 01 14:12:38 Loaded file E:\PROJECTHOANGXU\2019\ESP32_RELAY\HW\ESP826D1.LLB
Sat Jun 01 14:12:38 Loaded file E:\PROJECTHOANGXU\2019\ESP32_RELAY\HW\ESP-WROOM-32.LLB
Sat Jun 01 14:12:38 Loaded file C:\PROGRAM FILES\ORCAD\LAYOUT\LIBRARY\BCON100T.LLB
Sat Jun 01 14:12:38 Loaded file C:\PROGRAM FILES\ORCAD\LAYOUT\LIBRARY\BCON156T.LLB
Sat Jun 01 14:12:38 Loaded file C:\PROGRAM FILES\ORCAD\LAYOUT\LIBRARY\BGA.LLB
Sat Jun 01 14:12:38 Loaded file C:\PROGRAM FILES\ORCAD\LAYOUT\LIBRARY\CLCC.LLB
Sat Jun 01 14:12:38 Loaded file C:\PROGRAM FILES\ORCAD\LAYOUT\LIBRARY\DCON050T.LLB
Sat Jun 01 14:12:38 Loaded file C:\PROGRAM FILES\ORCAD\LAYOUT\LIBRARY\DCON085T.LLB
Sat Jun 01 14:12:38 Loaded file C:\PROGRAM FILES\ORCAD\LAYOUT\LIBRARY\DIMM050F.LLB
Sat Jun 01 14:12:38 Loaded file C:\PROGRAM FILES\ORCAD\LAYOUT\LIBRARY\DIMM050T.LLB
Sat Jun 01 14:12:38 Loaded file C:\PROGRAM FILES\ORCAD\LAYOUT\LIBRARY\DIN.LLB
Sat Jun 01 14:12:38 Loaded file C:\PROGRAM FILES\ORCAD\LAYOUT\LIBRARY\DIP100B.LLB
Sat Jun 01 14:12:38 Loaded file C:\PROGRAM FILES\ORCAD\LAYOUT\LIBRARY\DIP100T.LLB
Sat Jun 01 14:12:38 Loaded file C:\PROGRAM FILES\ORCAD\LAYOUT\LIBRARY\DSUBT.LLB
Sat Jun 01 14:12:38 Loaded file C:\PROGRAM FILES\ORCAD\LAYOUT\LIBRARY\DSUBT_HD.LLB
Sat Jun 01 14:12:38 Loaded file C:\PROGRAM FILES\ORCAD\LAYOUT\LIBRARY\ECON100T.LLB
Sat Jun 01 14:12:38 Loaded file C:\PROGRAM FILES\ORCAD\LAYOUT\LIBRARY\EMPTY.LLB
Sat Jun 01 14:12:38 Loaded file C:\PROGRAM FILES\ORCAD\LAYOUT\LIBRARY\EX_GUI.LLB
Sat Jun 01 14:12:38 Loaded file C:\PROGRAM FILES\ORCAD\LAYOUT\LIBRARY\FBUS.LLB
Sat Jun 01 14:12:38 Loaded file C:\PROGRAM FILES\ORCAD\LAYOUT\LIBRARY\ISA.LLB
Sat Jun 01 14:12:38 Loaded file C:\PROGRAM FILES\ORCAD\LAYOUT\LIBRARY\JUMPER.LLB
Sat Jun 01 14:12:38 Loaded file C:\PROGRAM FILES\ORCAD\LAYOUT\LIBRARY\LAYOUT.LLB
Sat Jun 01 14:12:38 Loaded file C:\PROGRAM FILES\ORCAD\LAYOUT\LIBRARY\LCON100T.LLB
Sat Jun 01 14:12:38 Loaded file C:\PROGRAM FILES\ORCAD\LAYOUT\LIBRARY\METRIC.LLB
Sat Jun 01 14:12:38 Loaded file C:\PROGRAM FILES\ORCAD\LAYOUT\LIBRARY\PADSTACK.LLB
Sat Jun 01 14:12:38 Loaded file C:\PROGRAM FILES\ORCAD\LAYOUT\LIBRARY\PC104.LLB
Sat Jun 01 14:12:38 Loaded file C:\PROGRAM FILES\ORCAD\LAYOUT\LIBRARY\PCI.LLB
Sat Jun 01 14:12:38 Loaded file C:\PROGRAM FILES\ORCAD\LAYOUT\LIBRARY\PCON100T.LLB
Sat Jun 01 14:12:38 Loaded file C:\PROGRAM FILES\ORCAD\LAYOUT\LIBRARY\PCON156T.LLB
Sat Jun 01 14:12:38 Loaded file C:\PROGRAM FILES\ORCAD\LAYOUT\LIBRARY\PGA.LLB
Sat Jun 01 14:12:38 Loaded file C:\PROGRAM FILES\ORCAD\LAYOUT\LIBRARY\PLCC.LLB
Sat Jun 01 14:12:38 Loaded file C:\PROGRAM FILES\ORCAD\LAYOUT\LIBRARY\QUAD.LLB
Sat Jun 01 14:12:38 Loaded file C:\PROGRAM FILES\ORCAD\LAYOUT\LIBRARY\QUADB.LLB
Sat Jun 01 14:12:38 Loaded file C:\PROGRAM FILES\ORCAD\LAYOUT\LIBRARY\RELAY.LLB
Sat Jun 01 14:12:38 Loaded file C:\PROGRAM FILES\ORCAD\LAYOUT\LIBRARY\RF.LLB
Sat Jun 01 14:12:38 Loaded file C:\PROGRAM FILES\ORCAD\LAYOUT\LIBRARY\SBUS.LLB
Sat Jun 01 14:12:38 Loaded file C:\PROGRAM FILES\ORCAD\LAYOUT\LIBRARY\SIMM050F.LLB
Sat Jun 01 14:12:38 Loaded file C:\PROGRAM FILES\ORCAD\LAYOUT\LIBRARY\SIMM050T.LLB
Sat Jun 01 14:12:38 Loaded file C:\PROGRAM FILES\ORCAD\LAYOUT\LIBRARY\SIMM100F.LLB
Sat Jun 01 14:12:38 Loaded file C:\PROGRAM FILES\ORCAD\LAYOUT\LIBRARY\SIMM100T.LLB
Sat Jun 01 14:12:38 Loaded file C:\PROGRAM FILES\ORCAD\LAYOUT\LIBRARY\SIP.LLB
Sat Jun 01 14:12:38 Loaded file C:\PROGRAM FILES\ORCAD\LAYOUT\LIBRARY\SM.LLB
Sat Jun 01 14:12:38 Loaded file C:\PROGRAM FILES\ORCAD\LAYOUT\LIBRARY\SOG.LLB
Sat Jun 01 14:12:38 Loaded file C:\PROGRAM FILES\ORCAD\LAYOUT\LIBRARY\SOJ.LLB
Sat Jun 01 14:12:38 Loaded file C:\PROGRAM FILES\ORCAD\LAYOUT\LIBRARY\STIFF.LLB
Sat Jun 01 14:12:38 Loaded file C:\PROGRAM FILES\ORCAD\LAYOUT\LIBRARY\TELE.LLB
Sat Jun 01 14:12:38 Loaded file C:\PROGRAM FILES\ORCAD\LAYOUT\LIBRARY\TM_AXIAL.LLB
Sat Jun 01 14:12:38 Loaded file C:\PROGRAM FILES\ORCAD\LAYOUT\LIBRARY\TM_CAP_P.LLB
Sat Jun 01 14:12:38 Loaded file C:\PROGRAM FILES\ORCAD\LAYOUT\LIBRARY\TM_CYLND.LLB
Sat Jun 01 14:12:38 Loaded file C:\PROGRAM FILES\ORCAD\LAYOUT\LIBRARY\TM_DIODE.LLB
Sat Jun 01 14:12:38 Loaded file C:\PROGRAM FILES\ORCAD\LAYOUT\LIBRARY\TM_DISC.LLB
Sat Jun 01 14:12:38 Loaded file C:\PROGRAM FILES\ORCAD\LAYOUT\LIBRARY\TM_RAD.LLB
Sat Jun 01 14:12:39 Loaded file C:\PROGRAM FILES\ORCAD\LAYOUT\LIBRARY\TO.LLB
Sat Jun 01 14:12:39 Loaded file C:\PROGRAM FILES\ORCAD\LAYOUT\LIBRARY\TRAINING.LLB
Sat Jun 01 14:12:39 Loaded file C:\PROGRAM FILES\ORCAD\LAYOUT\LIBRARY\VRES.LLB
Sat Jun 01 14:12:39 Loaded file C:\PROGRAM FILES\ORCAD\LAYOUT\LIBRARY\WCON100T.LLB
Sat Jun 01 14:12:39 Loaded file C:\PROGRAM FILES\ORCAD\LAYOUT\LIBRARY\XT.LLB
Sat Jun 01 14:12:39 Loaded file C:\PROGRAM FILES\ORCAD\LAYOUT\LIBRARY\ZIGZAG.LLB
Sat Jun 01 14:12:39 Loaded file D:\DROPBOX12_2016\DROPBOX\ORCAD LIB\HBAOCRLIB_HOME.LLB
Sat Jun 01 14:12:39 Loaded file D:\DROPBOX12_2016\DROPBOX\ORCAD LIB\JUM.LLB
Sat Jun 01 14:12:39 Loaded file D:\DROPBOX12_2016\DROPBOX\ORCAD LIB\MICRO_SD_TME_SOCKET.LLB
Sat Jun 01 14:12:39 Loaded file D:\DROPBOX12_2016\DROPBOX\ORCAD LIB\PAYITFORWARD_FOOTPRINT_01012012.LLB
Sat Jun 01 14:12:39 Loaded file D:\DROPBOX12_2016\DROPBOX\ORCAD LIB\RFID.LLB
Sat Jun 01 14:12:39 Loaded file D:\DROPBOX12_2016\DROPBOX\ORCAD LIB\RJ45_HR911102A.LLB
Sat Jun 01 14:12:39 Loaded file D:\DROPBOX12_2016\DROPBOX\ORCAD LIB\SELAB_FOOTPRINT_LIB.LLB
Sat Jun 01 14:12:39 Loaded file D:\DROPBOX12_2016\DROPBOX\ORCAD LIB\TDF_V11_DESCRIBLE.LLB
Sat Jun 01 14:12:39 Loaded file D:\DROPBOX12_2016\DROPBOX\ORCAD LIB\THU VIEN.LLB
Sat Jun 01 14:12:39 Loaded file D:\DROPBOX12_2016\DROPBOX\ORCAD LIB\USBMINI.LLB
Sat Jun 01 14:12:39 Loaded file C:\Program Files\Orcad\Layout_Plus\library\BCON100T.llb
Sat Jun 01 14:12:39 Loaded file C:\Program Files\Orcad\Layout_Plus\library\BCON156T.llb
Sat Jun 01 14:12:39 Loaded file C:\Program Files\Orcad\Layout_Plus\library\BGA.llb
Sat Jun 01 14:12:39 Loaded file C:\Program Files\Orcad\Layout_Plus\library\CLCC.llb
Sat Jun 01 14:12:39 Loaded file C:\Program Files\Orcad\Layout_Plus\library\DCON050T.llb
Sat Jun 01 14:12:39 Loaded file C:\Program Files\Orcad\Layout_Plus\library\DCON085T.llb
Sat Jun 01 14:12:39 Loaded file C:\Program Files\Orcad\Layout_Plus\library\DIMM050F.llb
Sat Jun 01 14:12:39 Loaded file C:\Program Files\Orcad\Layout_Plus\library\DIMM050T.llb
Sat Jun 01 14:12:39 Loaded file C:\Program Files\Orcad\Layout_Plus\library\DIN.llb
Sat Jun 01 14:12:39 Loaded file C:\Program Files\Orcad\Layout_Plus\library\DIP100B.llb
Sat Jun 01 14:12:39 Loaded file C:\Program Files\Orcad\Layout_Plus\library\DIP100T.llb
Sat Jun 01 14:12:39 Loaded file C:\Program Files\Orcad\Layout_Plus\library\DSUBT.llb
Sat Jun 01 14:12:39 Loaded file C:\Program Files\Orcad\Layout_Plus\library\DSUBT_HD.LLB
Sat Jun 01 14:12:39 Loaded file C:\Program Files\Orcad\Layout_Plus\library\ECON100T.llb
Sat Jun 01 14:12:39 Loaded file C:\Program Files\Orcad\Layout_Plus\library\FBUS.llb
Sat Jun 01 14:12:39 Loaded file C:\Program Files\Orcad\Layout_Plus\library\ISA.llb
Sat Jun 01 14:12:39 Loaded file C:\Program Files\Orcad\Layout_Plus\library\JUMPER.LLB
Sat Jun 01 14:12:39 Loaded file C:\Program Files\Orcad\Layout_Plus\library\LAYOUT.llb
Sat Jun 01 14:12:39 Loaded file C:\Program Files\Orcad\Layout_Plus\library\LCON100T.llb
Sat Jun 01 14:12:39 Loaded file C:\Program Files\Orcad\Layout_Plus\library\PC104.llb
Sat Jun 01 14:12:39 Loaded file C:\Program Files\Orcad\Layout_Plus\library\PCI.llb
Sat Jun 01 14:12:39 Loaded file C:\Program Files\Orcad\Layout_Plus\library\PCON100T.llb
Sat Jun 01 14:12:39 Loaded file C:\Program Files\Orcad\Layout_Plus\library\PCON156T.llb
Sat Jun 01 14:12:39 Loaded file C:\Program Files\Orcad\Layout_Plus\library\PGA.llb
Sat Jun 01 14:12:39 Loaded file C:\Program Files\Orcad\Layout_Plus\library\PLCC.llb
Sat Jun 01 14:12:39 Loaded file C:\Program Files\Orcad\Layout_Plus\library\QUAD.llb
Sat Jun 01 14:12:39 Loaded file C:\Program Files\Orcad\Layout_Plus\library\QUADB.llb
Sat Jun 01 14:12:39 Loaded file C:\Program Files\Orcad\Layout_Plus\library\RELAY.llb
Sat Jun 01 14:12:39 Loaded file C:\Program Files\Orcad\Layout_Plus\library\RF.llb
Sat Jun 01 14:12:39 Loaded file C:\Program Files\Orcad\Layout_Plus\library\SBUS.llb
Sat Jun 01 14:12:39 Loaded file C:\Program Files\Orcad\Layout_Plus\library\SIMM050F.llb
Sat Jun 01 14:12:39 Loaded file C:\Program Files\Orcad\Layout_Plus\library\SIMM050T.llb
Sat Jun 01 14:12:39 Loaded file C:\Program Files\Orcad\Layout_Plus\library\SIMM100F.llb
Sat Jun 01 14:12:39 Loaded file C:\Program Files\Orcad\Layout_Plus\library\SIMM100T.llb
Sat Jun 01 14:12:39 Loaded file C:\Program Files\Orcad\Layout_Plus\library\SIP.llb
Sat Jun 01 14:12:39 Loaded file C:\Program Files\Orcad\Layout_Plus\library\SM.llb
Sat Jun 01 14:12:39 Loaded file C:\Program Files\Orcad\Layout_Plus\library\SOG.llb
Sat Jun 01 14:12:39 Loaded file C:\Program Files\Orcad\Layout_Plus\library\SOJ.llb
Sat Jun 01 14:12:39 Loaded file C:\Program Files\Orcad\Layout_Plus\library\STIFF.llb
Sat Jun 01 14:12:39 Loaded file C:\Program Files\Orcad\Layout_Plus\library\TELE.llb
Sat Jun 01 14:12:39 Loaded file C:\Program Files\Orcad\Layout_Plus\library\TM_AXIAL.llb
Sat Jun 01 14:12:39 Loaded file C:\Program Files\Orcad\Layout_Plus\library\TM_CAP_P.llb
Sat Jun 01 14:12:39 Loaded file C:\Program Files\Orcad\Layout_Plus\library\TM_CYLND.llb
Sat Jun 01 14:12:39 Loaded file C:\Program Files\Orcad\Layout_Plus\library\TM_DIODE.llb
Sat Jun 01 14:12:39 Loaded file C:\Program Files\Orcad\Layout_Plus\library\TM_DISC.llb
Sat Jun 01 14:12:39 Loaded file C:\Program Files\Orcad\Layout_Plus\library\TM_RAD.llb
Sat Jun 01 14:12:39 Loaded file C:\Program Files\Orcad\Layout_Plus\library\TO.llb
Sat Jun 01 14:12:39 Loaded file C:\Program Files\Orcad\Layout_Plus\library\TRAINING.LLB
Sat Jun 01 14:12:39 Loaded file C:\Program Files\Orcad\Layout_Plus\library\VRES.llb
Sat Jun 01 14:12:39 Loaded file C:\Program Files\Orcad\Layout_Plus\library\WCON100T.llb
Sat Jun 01 14:12:39 Loaded file C:\Program Files\Orcad\Layout_Plus\library\XT.llb
Sat Jun 01 14:12:39 Loaded file C:\Program Files\Orcad\Layout_Plus\library\ZIGZAG.llb
Sat Jun 01 14:12:53 Loaded file C:\Program Files\Orcad\Layout_Plus\data\template.imp
Sat Jun 01 14:12:53 Loaded file C:\Program Files\Orcad\Layout_Plus\data\template.imp
Sat Jun 01 14:12:55 Loaded file E:\PROJECTHOANGXU\2019\ESP32_RELAY\HW\ESP826D1.LLB
Sat Jun 01 14:12:57 Loaded file E:\PROJECTHOANGXU\2019\ESP32_RELAY\HW\ESP-WROOM-32.LLB
Sat Jun 01 14:13:08 Loaded file E:\PROJECTHOANGXU\2019\ESP32_RELAY\HW\ESP826D1.LLB
Sat Jun 01 14:13:13 Loaded file C:\Program Files\Orcad\Layout_Plus\data\template.imp
Sat Jun 01 14:13:14 Loaded file E:\PROJECTHOANGXU\2019\ESP32_RELAY\HW\ESP-WROOM-32.LLB
Sat Jun 01 14:13:15 Loaded file C:\PROGRAM FILES\ORCAD\LAYOUT\LIBRARY\ISA.LLB
Sat Jun 01 14:13:16 Loaded file C:\Program Files\Orcad\Layout_Plus\library\ISA.llb
Sat Jun 01 14:13:16 Loaded file C:\PROGRAM FILES\ORCAD\LAYOUT\LIBRARY\ISA.LLB
Sat Jun 01 14:13:16 Loaded file C:\Program Files\Orcad\Layout_Plus\library\ISA.llb
Sat Jun 01 14:13:16 Loaded file C:\PROGRAM FILES\ORCAD\LAYOUT\LIBRARY\ISA.LLB
Sat Jun 01 14:13:17 Loaded file C:\Program Files\Orcad\Layout_Plus\library\ISA.llb
Sat Jun 01 14:13:17 Loaded file C:\PROGRAM FILES\ORCAD\LAYOUT\LIBRARY\ISA.LLB
Sat Jun 01 14:13:55 Loaded file E:\PROJECTHOANGXU\2019\ESP32_RELAY\HW\V3\ESP8266D1-RELAY-V2_RL.MAX
Sat Jun 01 14:13:55 Loaded file E:\PROJECTHOANGXU\2019\ESP32_RELAY\HW\ESP826D1.LLB
Sat Jun 01 14:13:55 Loaded file E:\PROJECTHOANGXU\2019\ESP32_RELAY\HW\ESP-WROOM-32.LLB
Sat Jun 01 14:13:55 Loaded file C:\PROGRAM FILES\ORCAD\LAYOUT\LIBRARY\BCON100T.LLB
Sat Jun 01 14:13:55 Loaded file C:\PROGRAM FILES\ORCAD\LAYOUT\LIBRARY\BCON156T.LLB
Sat Jun 01 14:13:55 Loaded file C:\PROGRAM FILES\ORCAD\LAYOUT\LIBRARY\BGA.LLB
Sat Jun 01 14:13:55 Loaded file C:\PROGRAM FILES\ORCAD\LAYOUT\LIBRARY\CLCC.LLB
Sat Jun 01 14:13:55 Loaded file C:\PROGRAM FILES\ORCAD\LAYOUT\LIBRARY\DCON050T.LLB
Sat Jun 01 14:13:55 Loaded file C:\PROGRAM FILES\ORCAD\LAYOUT\LIBRARY\DCON085T.LLB
Sat Jun 01 14:13:55 Loaded file C:\PROGRAM FILES\ORCAD\LAYOUT\LIBRARY\DIMM050F.LLB
Sat Jun 01 14:13:55 Loaded file C:\PROGRAM FILES\ORCAD\LAYOUT\LIBRARY\DIMM050T.LLB
Sat Jun 01 14:13:55 Loaded file C:\PROGRAM FILES\ORCAD\LAYOUT\LIBRARY\DIN.LLB
Sat Jun 01 14:13:55 Loaded file C:\PROGRAM FILES\ORCAD\LAYOUT\LIBRARY\DIP100B.LLB
Sat Jun 01 14:13:55 Loaded file C:\PROGRAM FILES\ORCAD\LAYOUT\LIBRARY\DIP100T.LLB
Sat Jun 01 14:13:55 Loaded file C:\PROGRAM FILES\ORCAD\LAYOUT\LIBRARY\DSUBT.LLB
Sat Jun 01 14:13:55 Loaded file C:\PROGRAM FILES\ORCAD\LAYOUT\LIBRARY\DSUBT_HD.LLB
Sat Jun 01 14:13:55 Loaded file C:\PROGRAM FILES\ORCAD\LAYOUT\LIBRARY\ECON100T.LLB
Sat Jun 01 14:13:55 Loaded file C:\PROGRAM FILES\ORCAD\LAYOUT\LIBRARY\EMPTY.LLB
Sat Jun 01 14:13:55 Loaded file C:\PROGRAM FILES\ORCAD\LAYOUT\LIBRARY\EX_GUI.LLB
Sat Jun 01 14:13:55 Loaded file C:\PROGRAM FILES\ORCAD\LAYOUT\LIBRARY\FBUS.LLB
Sat Jun 01 14:13:55 Loaded file C:\PROGRAM FILES\ORCAD\LAYOUT\LIBRARY\ISA.LLB
Sat Jun 01 14:13:55 Loaded file C:\PROGRAM FILES\ORCAD\LAYOUT\LIBRARY\JUMPER.LLB
Sat Jun 01 14:13:55 Loaded file C:\PROGRAM FILES\ORCAD\LAYOUT\LIBRARY\LAYOUT.LLB
Sat Jun 01 14:13:55 Loaded file C:\PROGRAM FILES\ORCAD\LAYOUT\LIBRARY\LCON100T.LLB
Sat Jun 01 14:13:55 Loaded file C:\PROGRAM FILES\ORCAD\LAYOUT\LIBRARY\METRIC.LLB
Sat Jun 01 14:13:55 Loaded file C:\PROGRAM FILES\ORCAD\LAYOUT\LIBRARY\PADSTACK.LLB
Sat Jun 01 14:13:55 Loaded file C:\PROGRAM FILES\ORCAD\LAYOUT\LIBRARY\PC104.LLB
Sat Jun 01 14:13:55 Loaded file C:\PROGRAM FILES\ORCAD\LAYOUT\LIBRARY\PCI.LLB
Sat Jun 01 14:13:55 Loaded file C:\PROGRAM FILES\ORCAD\LAYOUT\LIBRARY\PCON100T.LLB
Sat Jun 01 14:13:55 Loaded file C:\PROGRAM FILES\ORCAD\LAYOUT\LIBRARY\PCON156T.LLB
Sat Jun 01 14:13:55 Loaded file C:\PROGRAM FILES\ORCAD\LAYOUT\LIBRARY\PGA.LLB
Sat Jun 01 14:13:55 Loaded file C:\PROGRAM FILES\ORCAD\LAYOUT\LIBRARY\PLCC.LLB
Sat Jun 01 14:13:55 Loaded file C:\PROGRAM FILES\ORCAD\LAYOUT\LIBRARY\QUAD.LLB
Sat Jun 01 14:13:55 Loaded file C:\PROGRAM FILES\ORCAD\LAYOUT\LIBRARY\QUADB.LLB
Sat Jun 01 14:13:55 Loaded file C:\PROGRAM FILES\ORCAD\LAYOUT\LIBRARY\RELAY.LLB
Sat Jun 01 14:13:55 Loaded file C:\PROGRAM FILES\ORCAD\LAYOUT\LIBRARY\RF.LLB
Sat Jun 01 14:13:55 Loaded file C:\PROGRAM FILES\ORCAD\LAYOUT\LIBRARY\SBUS.LLB
Sat Jun 01 14:13:55 Loaded file C:\PROGRAM FILES\ORCAD\LAYOUT\LIBRARY\SIMM050F.LLB
Sat Jun 01 14:13:55 Loaded file C:\PROGRAM FILES\ORCAD\LAYOUT\LIBRARY\SIMM050T.LLB
Sat Jun 01 14:13:55 Loaded file C:\PROGRAM FILES\ORCAD\LAYOUT\LIBRARY\SIMM100F.LLB
Sat Jun 01 14:13:55 Loaded file C:\PROGRAM FILES\ORCAD\LAYOUT\LIBRARY\SIMM100T.LLB
Sat Jun 01 14:13:55 Loaded file C:\PROGRAM FILES\ORCAD\LAYOUT\LIBRARY\SIP.LLB
Sat Jun 01 14:13:55 Loaded file C:\PROGRAM FILES\ORCAD\LAYOUT\LIBRARY\SM.LLB
Sat Jun 01 14:13:55 Loaded file C:\PROGRAM FILES\ORCAD\LAYOUT\LIBRARY\SOG.LLB
Sat Jun 01 14:13:55 Loaded file C:\PROGRAM FILES\ORCAD\LAYOUT\LIBRARY\SOJ.LLB
Sat Jun 01 14:13:55 Loaded file C:\PROGRAM FILES\ORCAD\LAYOUT\LIBRARY\STIFF.LLB
Sat Jun 01 14:13:55 Loaded file C:\PROGRAM FILES\ORCAD\LAYOUT\LIBRARY\TELE.LLB
Sat Jun 01 14:13:55 Loaded file C:\PROGRAM FILES\ORCAD\LAYOUT\LIBRARY\TM_AXIAL.LLB
Sat Jun 01 14:13:55 Loaded file C:\PROGRAM FILES\ORCAD\LAYOUT\LIBRARY\TM_CAP_P.LLB
Sat Jun 01 14:13:55 Loaded file C:\PROGRAM FILES\ORCAD\LAYOUT\LIBRARY\TM_CYLND.LLB
Sat Jun 01 14:13:55 Loaded file C:\PROGRAM FILES\ORCAD\LAYOUT\LIBRARY\TM_DIODE.LLB
Sat Jun 01 14:13:55 Loaded file C:\PROGRAM FILES\ORCAD\LAYOUT\LIBRARY\TM_DISC.LLB
Sat Jun 01 14:13:55 Loaded file C:\PROGRAM FILES\ORCAD\LAYOUT\LIBRARY\TM_RAD.LLB
Sat Jun 01 14:13:55 Loaded file C:\PROGRAM FILES\ORCAD\LAYOUT\LIBRARY\TO.LLB
Sat Jun 01 14:13:55 Loaded file C:\PROGRAM FILES\ORCAD\LAYOUT\LIBRARY\TRAINING.LLB
Sat Jun 01 14:13:55 Loaded file C:\PROGRAM FILES\ORCAD\LAYOUT\LIBRARY\VRES.LLB
Sat Jun 01 14:13:55 Loaded file C:\PROGRAM FILES\ORCAD\LAYOUT\LIBRARY\WCON100T.LLB
Sat Jun 01 14:13:55 Loaded file C:\PROGRAM FILES\ORCAD\LAYOUT\LIBRARY\XT.LLB
Sat Jun 01 14:13:55 Loaded file C:\PROGRAM FILES\ORCAD\LAYOUT\LIBRARY\ZIGZAG.LLB
Sat Jun 01 14:13:55 Loaded file D:\DROPBOX12_2016\DROPBOX\ORCAD LIB\HBAOCRLIB_HOME.LLB
Sat Jun 01 14:13:55 Loaded file D:\DROPBOX12_2016\DROPBOX\ORCAD LIB\JUM.LLB
Sat Jun 01 14:13:55 Loaded file D:\DROPBOX12_2016\DROPBOX\ORCAD LIB\MICRO_SD_TME_SOCKET.LLB
Sat Jun 01 14:13:55 Loaded file D:\DROPBOX12_2016\DROPBOX\ORCAD LIB\PAYITFORWARD_FOOTPRINT_01012012.LLB
Sat Jun 01 14:13:55 Loaded file D:\DROPBOX12_2016\DROPBOX\ORCAD LIB\RFID.LLB
Sat Jun 01 14:13:55 Loaded file D:\DROPBOX12_2016\DROPBOX\ORCAD LIB\RJ45_HR911102A.LLB
Sat Jun 01 14:13:55 Loaded file D:\DROPBOX12_2016\DROPBOX\ORCAD LIB\SELAB_FOOTPRINT_LIB.LLB
Sat Jun 01 14:13:55 Loaded file D:\DROPBOX12_2016\DROPBOX\ORCAD LIB\TDF_V11_DESCRIBLE.LLB
Sat Jun 01 14:13:55 Loaded file D:\DROPBOX12_2016\DROPBOX\ORCAD LIB\THU VIEN.LLB
Sat Jun 01 14:13:55 Loaded file D:\DROPBOX12_2016\DROPBOX\ORCAD LIB\USBMINI.LLB
Sat Jun 01 14:13:55 Loaded file C:\Program Files\Orcad\Layout_Plus\library\BCON100T.llb
Sat Jun 01 14:13:55 Loaded file C:\Program Files\Orcad\Layout_Plus\library\BCON156T.llb
Sat Jun 01 14:13:55 Loaded file C:\Program Files\Orcad\Layout_Plus\library\BGA.llb
Sat Jun 01 14:13:55 Loaded file C:\Program Files\Orcad\Layout_Plus\library\CLCC.llb
Sat Jun 01 14:13:55 Loaded file C:\Program Files\Orcad\Layout_Plus\library\DCON050T.llb
Sat Jun 01 14:13:55 Loaded file C:\Program Files\Orcad\Layout_Plus\library\DCON085T.llb
Sat Jun 01 14:13:55 Loaded file C:\Program Files\Orcad\Layout_Plus\library\DIMM050F.llb
Sat Jun 01 14:13:55 Loaded file C:\Program Files\Orcad\Layout_Plus\library\DIMM050T.llb
Sat Jun 01 14:13:55 Loaded file C:\Program Files\Orcad\Layout_Plus\library\DIN.llb
Sat Jun 01 14:13:55 Loaded file C:\Program Files\Orcad\Layout_Plus\library\DIP100B.llb
Sat Jun 01 14:13:55 Loaded file C:\Program Files\Orcad\Layout_Plus\library\DIP100T.llb
Sat Jun 01 14:13:55 Loaded file C:\Program Files\Orcad\Layout_Plus\library\DSUBT.llb
Sat Jun 01 14:13:55 Loaded file C:\Program Files\Orcad\Layout_Plus\library\DSUBT_HD.LLB
Sat Jun 01 14:13:55 Loaded file C:\Program Files\Orcad\Layout_Plus\library\ECON100T.llb
Sat Jun 01 14:13:55 Loaded file C:\Program Files\Orcad\Layout_Plus\library\FBUS.llb
Sat Jun 01 14:13:55 Loaded file C:\Program Files\Orcad\Layout_Plus\library\ISA.llb
Sat Jun 01 14:13:55 Loaded file C:\Program Files\Orcad\Layout_Plus\library\JUMPER.LLB
Sat Jun 01 14:13:55 Loaded file C:\Program Files\Orcad\Layout_Plus\library\LAYOUT.llb
Sat Jun 01 14:13:55 Loaded file C:\Program Files\Orcad\Layout_Plus\library\LCON100T.llb
Sat Jun 01 14:13:55 Loaded file C:\Program Files\Orcad\Layout_Plus\library\PC104.llb
Sat Jun 01 14:13:55 Loaded file C:\Program Files\Orcad\Layout_Plus\library\PCI.llb
Sat Jun 01 14:13:55 Loaded file C:\Program Files\Orcad\Layout_Plus\library\PCON100T.llb
Sat Jun 01 14:13:55 Loaded file C:\Program Files\Orcad\Layout_Plus\library\PCON156T.llb
Sat Jun 01 14:13:55 Loaded file C:\Program Files\Orcad\Layout_Plus\library\PGA.llb
Sat Jun 01 14:13:55 Loaded file C:\Program Files\Orcad\Layout_Plus\library\PLCC.llb
Sat Jun 01 14:13:55 Loaded file C:\Program Files\Orcad\Layout_Plus\library\QUAD.llb
Sat Jun 01 14:13:55 Loaded file C:\Program Files\Orcad\Layout_Plus\library\QUADB.llb
Sat Jun 01 14:13:55 Loaded file C:\Program Files\Orcad\Layout_Plus\library\RELAY.llb
Sat Jun 01 14:13:55 Loaded file C:\Program Files\Orcad\Layout_Plus\library\RF.llb
Sat Jun 01 14:13:55 Loaded file C:\Program Files\Orcad\Layout_Plus\library\SBUS.llb
Sat Jun 01 14:13:55 Loaded file C:\Program Files\Orcad\Layout_Plus\library\SIMM050F.llb
Sat Jun 01 14:13:55 Loaded file C:\Program Files\Orcad\Layout_Plus\library\SIMM050T.llb
Sat Jun 01 14:13:55 Loaded file C:\Program Files\Orcad\Layout_Plus\library\SIMM100F.llb
Sat Jun 01 14:13:55 Loaded file C:\Program Files\Orcad\Layout_Plus\library\SIMM100T.llb
Sat Jun 01 14:13:55 Loaded file C:\Program Files\Orcad\Layout_Plus\library\SIP.llb
Sat Jun 01 14:13:55 Loaded file C:\Program Files\Orcad\Layout_Plus\library\SM.llb
Sat Jun 01 14:13:55 Loaded file C:\Program Files\Orcad\Layout_Plus\library\SOG.llb
Sat Jun 01 14:13:55 Loaded file C:\Program Files\Orcad\Layout_Plus\library\SOJ.llb
Sat Jun 01 14:13:55 Loaded file C:\Program Files\Orcad\Layout_Plus\library\STIFF.llb
Sat Jun 01 14:13:55 Loaded file C:\Program Files\Orcad\Layout_Plus\library\TELE.llb
Sat Jun 01 14:13:55 Loaded file C:\Program Files\Orcad\Layout_Plus\library\TM_AXIAL.llb
Sat Jun 01 14:13:55 Loaded file C:\Program Files\Orcad\Layout_Plus\library\TM_CAP_P.llb
Sat Jun 01 14:13:55 Loaded file C:\Program Files\Orcad\Layout_Plus\library\TM_CYLND.llb
Sat Jun 01 14:13:55 Loaded file C:\Program Files\Orcad\Layout_Plus\library\TM_DIODE.llb
Sat Jun 01 14:13:55 Loaded file C:\Program Files\Orcad\Layout_Plus\library\TM_DISC.llb
Sat Jun 01 14:13:55 Loaded file C:\Program Files\Orcad\Layout_Plus\library\TM_RAD.llb
Sat Jun 01 14:13:55 Loaded file C:\Program Files\Orcad\Layout_Plus\library\TO.llb
Sat Jun 01 14:13:55 Loaded file C:\Program Files\Orcad\Layout_Plus\library\TRAINING.LLB
Sat Jun 01 14:13:55 Loaded file C:\Program Files\Orcad\Layout_Plus\library\VRES.llb
Sat Jun 01 14:13:55 Loaded file C:\Program Files\Orcad\Layout_Plus\library\WCON100T.llb
Sat Jun 01 14:13:55 Loaded file C:\Program Files\Orcad\Layout_Plus\library\XT.llb
Sat Jun 01 14:13:55 Loaded file C:\Program Files\Orcad\Layout_Plus\library\ZIGZAG.llb
Sat Jun 01 14:14:02 Loaded file C:\Program Files\Orcad\Layout_Plus\data\template.imp
Sat Jun 01 14:14:02 Loaded file C:\Program Files\Orcad\Layout_Plus\data\template.imp
Sat Jun 01 14:14:04 Loaded file E:\PROJECTHOANGXU\2019\ESP32_RELAY\HW\ESP826D1.LLB
Sat Jun 01 14:14:08 Loaded file C:\Program Files\Orcad\Layout_Plus\data\template.imp
Sat Jun 01 14:14:09 Loaded file C:\Program Files\Orcad\Layout_Plus\data\template.imp
Sat Jun 01 14:14:09 Loaded file C:\Program Files\Orcad\Layout_Plus\data\template.imp
Sat Jun 01 14:14:09 Loaded file C:\Program Files\Orcad\Layout_Plus\data\template.imp
Sat Jun 01 14:14:09 Loaded file C:\Program Files\Orcad\Layout_Plus\data\template.imp
Sat Jun 01 14:14:10 Loaded file C:\Program Files\Orcad\Layout_Plus\data\template.imp
Sat Jun 01 14:14:10 Loaded file C:\Program Files\Orcad\Layout_Plus\data\template.imp
Sat Jun 01 14:14:10 Loaded file C:\Program Files\Orcad\Layout_Plus\data\template.imp
Sat Jun 01 14:14:10 Loaded file C:\Program Files\Orcad\Layout_Plus\data\template.imp
Sat Jun 01 14:14:10 Loaded file C:\Program Files\Orcad\Layout_Plus\data\template.imp
Sat Jun 01 14:14:10 Loaded file C:\Program Files\Orcad\Layout_Plus\data\template.imp
Sat Jun 01 14:14:10 Loaded file C:\Program Files\Orcad\Layout_Plus\data\template.imp
Sat Jun 01 14:14:10 Loaded file C:\Program Files\Orcad\Layout_Plus\data\template.imp
Sat Jun 01 14:14:10 Loaded file C:\Program Files\Orcad\Layout_Plus\data\template.imp
Sat Jun 01 14:14:11 Loaded file C:\Program Files\Orcad\Layout_Plus\data\template.imp
Sat Jun 01 14:14:11 Loaded file C:\Program Files\Orcad\Layout_Plus\data\template.imp
Sat Jun 01 14:14:11 Loaded file C:\Program Files\Orcad\Layout_Plus\data\template.imp
Sat Jun 01 14:14:11 Loaded file C:\Program Files\Orcad\Layout_Plus\data\template.imp
Sat Jun 01 14:14:11 Loaded file C:\Program Files\Orcad\Layout_Plus\data\template.imp
Sat Jun 01 14:14:11 Loaded file C:\Program Files\Orcad\Layout_Plus\data\template.imp
Sat Jun 01 14:14:11 Loaded file C:\Program Files\Orcad\Layout_Plus\data\template.imp
Sat Jun 01 14:14:11 Loaded file C:\Program Files\Orcad\Layout_Plus\data\template.imp
Sat Jun 01 14:14:11 Loaded file C:\Program Files\Orcad\Layout_Plus\data\template.imp
Sat Jun 01 14:14:11 Loaded file C:\Program Files\Orcad\Layout_Plus\data\template.imp
Sat Jun 01 14:14:12 Loaded file C:\Program Files\Orcad\Layout_Plus\data\template.imp
Sat Jun 01 14:14:13 Loaded file C:\Program Files\Orcad\Layout_Plus\data\template.imp
Sat Jun 01 14:14:13 Loaded file C:\Program Files\Orcad\Layout_Plus\data\template.imp
Sat Jun 01 14:14:13 Loaded file C:\Program Files\Orcad\Layout_Plus\data\template.imp
Sat Jun 01 14:14:13 Loaded file C:\Program Files\Orcad\Layout_Plus\data\template.imp
Sat Jun 01 14:14:14 Loaded file C:\Program Files\Orcad\Layout_Plus\data\template.imp
Sat Jun 01 14:14:14 Loaded file C:\Program Files\Orcad\Layout_Plus\data\template.imp
Sat Jun 01 14:14:14 Loaded file C:\Program Files\Orcad\Layout_Plus\data\template.imp
Sat Jun 01 14:14:14 Loaded file C:\Program Files\Orcad\Layout_Plus\data\template.imp
Sat Jun 01 14:14:14 Loaded file C:\Program Files\Orcad\Layout_Plus\data\template.imp
Sat Jun 01 14:14:15 Loaded file C:\Program Files\Orcad\Layout_Plus\data\template.imp
Sat Jun 01 14:14:15 Loaded file C:\Program Files\Orcad\Layout_Plus\data\template.imp
Sat Jun 01 14:14:15 Loaded file C:\Program Files\Orcad\Layout_Plus\data\template.imp
Sat Jun 01 14:14:15 Loaded file C:\Program Files\Orcad\Layout_Plus\data\template.imp
Sat Jun 01 14:14:15 Loaded file C:\Program Files\Orcad\Layout_Plus\data\template.imp
Sat Jun 01 14:14:15 Loaded file C:\Program Files\Orcad\Layout_Plus\data\template.imp
Sat Jun 01 14:14:16 Loaded file C:\Program Files\Orcad\Layout_Plus\data\template.imp
Sat Jun 01 14:14:16 Loaded file C:\Program Files\Orcad\Layout_Plus\data\template.imp
Sat Jun 01 14:14:16 Loaded file C:\Program Files\Orcad\Layout_Plus\data\template.imp
Sat Jun 01 14:14:16 Loaded file C:\Program Files\Orcad\Layout_Plus\data\template.imp
Sat Jun 01 14:14:16 Loaded file C:\Program Files\Orcad\Layout_Plus\data\template.imp
Sat Jun 01 14:14:16 Loaded file C:\Program Files\Orcad\Layout_Plus\data\template.imp
Sat Jun 01 14:14:16 Loaded file C:\Program Files\Orcad\Layout_Plus\data\template.imp
Sat Jun 01 14:14:16 Loaded file C:\Program Files\Orcad\Layout_Plus\data\template.imp
Sat Jun 01 14:14:16 Loaded file C:\Program Files\Orcad\Layout_Plus\data\template.imp
Sat Jun 01 14:14:16 Loaded file C:\Program Files\Orcad\Layout_Plus\data\template.imp
Sat Jun 01 14:14:21 Loaded file E:\PROJECTHOANGXU\2019\ESP32_RELAY\HW\ESP-WROOM-32.LLB
Sat Jun 01 14:14:24 Loaded file C:\PROGRAM FILES\ORCAD\LAYOUT\LIBRARY\BCON100T.LLB
Sat Jun 01 14:14:51 Loaded file E:\PROJECTHOANGXU\2019\ESP32_RELAY\HW\V3\ESP8266D1-RELAY-V2_RL.MAX
Sat Jun 01 14:14:51 Loaded file E:\PROJECTHOANGXU\2019\ESP32_RELAY\HW\ESP826D1.LLB
Sat Jun 01 14:14:51 Loaded file E:\PROJECTHOANGXU\2019\ESP32_RELAY\HW\ESP-WROOM-32.LLB
Sat Jun 01 14:14:51 Loaded file C:\PROGRAM FILES\ORCAD\LAYOUT\LIBRARY\BCON100T.LLB
Sat Jun 01 14:14:51 Loaded file C:\PROGRAM FILES\ORCAD\LAYOUT\LIBRARY\BCON156T.LLB
Sat Jun 01 14:14:51 Loaded file C:\PROGRAM FILES\ORCAD\LAYOUT\LIBRARY\BGA.LLB
Sat Jun 01 14:14:51 Loaded file C:\PROGRAM FILES\ORCAD\LAYOUT\LIBRARY\CLCC.LLB
Sat Jun 01 14:14:51 Loaded file C:\PROGRAM FILES\ORCAD\LAYOUT\LIBRARY\DCON050T.LLB
Sat Jun 01 14:14:51 Loaded file C:\PROGRAM FILES\ORCAD\LAYOUT\LIBRARY\DCON085T.LLB
Sat Jun 01 14:14:51 Loaded file C:\PROGRAM FILES\ORCAD\LAYOUT\LIBRARY\DIMM050F.LLB
Sat Jun 01 14:14:51 Loaded file C:\PROGRAM FILES\ORCAD\LAYOUT\LIBRARY\DIMM050T.LLB
Sat Jun 01 14:14:51 Loaded file C:\PROGRAM FILES\ORCAD\LAYOUT\LIBRARY\DIN.LLB
Sat Jun 01 14:14:51 Loaded file C:\PROGRAM FILES\ORCAD\LAYOUT\LIBRARY\DIP100B.LLB
Sat Jun 01 14:14:51 Loaded file C:\PROGRAM FILES\ORCAD\LAYOUT\LIBRARY\DIP100T.LLB
Sat Jun 01 14:14:51 Loaded file C:\PROGRAM FILES\ORCAD\LAYOUT\LIBRARY\DSUBT.LLB
Sat Jun 01 14:14:51 Loaded file C:\PROGRAM FILES\ORCAD\LAYOUT\LIBRARY\DSUBT_HD.LLB
Sat Jun 01 14:14:51 Loaded file C:\PROGRAM FILES\ORCAD\LAYOUT\LIBRARY\ECON100T.LLB
Sat Jun 01 14:14:51 Loaded file C:\PROGRAM FILES\ORCAD\LAYOUT\LIBRARY\EMPTY.LLB
Sat Jun 01 14:14:51 Loaded file C:\PROGRAM FILES\ORCAD\LAYOUT\LIBRARY\EX_GUI.LLB
Sat Jun 01 14:14:51 Loaded file C:\PROGRAM FILES\ORCAD\LAYOUT\LIBRARY\FBUS.LLB
Sat Jun 01 14:14:51 Loaded file C:\PROGRAM FILES\ORCAD\LAYOUT\LIBRARY\ISA.LLB
Sat Jun 01 14:14:51 Loaded file C:\PROGRAM FILES\ORCAD\LAYOUT\LIBRARY\JUMPER.LLB
Sat Jun 01 14:14:51 Loaded file C:\PROGRAM FILES\ORCAD\LAYOUT\LIBRARY\LAYOUT.LLB
Sat Jun 01 14:14:51 Loaded file C:\PROGRAM FILES\ORCAD\LAYOUT\LIBRARY\LCON100T.LLB
Sat Jun 01 14:14:51 Loaded file C:\PROGRAM FILES\ORCAD\LAYOUT\LIBRARY\METRIC.LLB
Sat Jun 01 14:14:51 Loaded file C:\PROGRAM FILES\ORCAD\LAYOUT\LIBRARY\PADSTACK.LLB
Sat Jun 01 14:14:51 Loaded file C:\PROGRAM FILES\ORCAD\LAYOUT\LIBRARY\PC104.LLB
Sat Jun 01 14:14:51 Loaded file C:\PROGRAM FILES\ORCAD\LAYOUT\LIBRARY\PCI.LLB
Sat Jun 01 14:14:51 Loaded file C:\PROGRAM FILES\ORCAD\LAYOUT\LIBRARY\PCON100T.LLB
Sat Jun 01 14:14:51 Loaded file C:\PROGRAM FILES\ORCAD\LAYOUT\LIBRARY\PCON156T.LLB
Sat Jun 01 14:14:51 Loaded file C:\PROGRAM FILES\ORCAD\LAYOUT\LIBRARY\PGA.LLB
Sat Jun 01 14:14:51 Loaded file C:\PROGRAM FILES\ORCAD\LAYOUT\LIBRARY\PLCC.LLB
Sat Jun 01 14:14:51 Loaded file C:\PROGRAM FILES\ORCAD\LAYOUT\LIBRARY\QUAD.LLB
Sat Jun 01 14:14:51 Loaded file C:\PROGRAM FILES\ORCAD\LAYOUT\LIBRARY\QUADB.LLB
Sat Jun 01 14:14:51 Loaded file C:\PROGRAM FILES\ORCAD\LAYOUT\LIBRARY\RELAY.LLB
Sat Jun 01 14:14:51 Loaded file C:\PROGRAM FILES\ORCAD\LAYOUT\LIBRARY\RF.LLB
Sat Jun 01 14:14:51 Loaded file C:\PROGRAM FILES\ORCAD\LAYOUT\LIBRARY\SBUS.LLB
Sat Jun 01 14:14:51 Loaded file C:\PROGRAM FILES\ORCAD\LAYOUT\LIBRARY\SIMM050F.LLB
Sat Jun 01 14:14:51 Loaded file C:\PROGRAM FILES\ORCAD\LAYOUT\LIBRARY\SIMM050T.LLB
Sat Jun 01 14:14:51 Loaded file C:\PROGRAM FILES\ORCAD\LAYOUT\LIBRARY\SIMM100F.LLB
Sat Jun 01 14:14:51 Loaded file C:\PROGRAM FILES\ORCAD\LAYOUT\LIBRARY\SIMM100T.LLB
Sat Jun 01 14:14:51 Loaded file C:\PROGRAM FILES\ORCAD\LAYOUT\LIBRARY\SIP.LLB
Sat Jun 01 14:14:51 Loaded file C:\PROGRAM FILES\ORCAD\LAYOUT\LIBRARY\SM.LLB
Sat Jun 01 14:14:51 Loaded file C:\PROGRAM FILES\ORCAD\LAYOUT\LIBRARY\SOG.LLB
Sat Jun 01 14:14:51 Loaded file C:\PROGRAM FILES\ORCAD\LAYOUT\LIBRARY\SOJ.LLB
Sat Jun 01 14:14:51 Loaded file C:\PROGRAM FILES\ORCAD\LAYOUT\LIBRARY\STIFF.LLB
Sat Jun 01 14:14:51 Loaded file C:\PROGRAM FILES\ORCAD\LAYOUT\LIBRARY\TELE.LLB
Sat Jun 01 14:14:51 Loaded file C:\PROGRAM FILES\ORCAD\LAYOUT\LIBRARY\TM_AXIAL.LLB
Sat Jun 01 14:14:51 Loaded file C:\PROGRAM FILES\ORCAD\LAYOUT\LIBRARY\TM_CAP_P.LLB
Sat Jun 01 14:14:51 Loaded file C:\PROGRAM FILES\ORCAD\LAYOUT\LIBRARY\TM_CYLND.LLB
Sat Jun 01 14:14:51 Loaded file C:\PROGRAM FILES\ORCAD\LAYOUT\LIBRARY\TM_DIODE.LLB
Sat Jun 01 14:14:51 Loaded file C:\PROGRAM FILES\ORCAD\LAYOUT\LIBRARY\TM_DISC.LLB
Sat Jun 01 14:14:51 Loaded file C:\PROGRAM FILES\ORCAD\LAYOUT\LIBRARY\TM_RAD.LLB
Sat Jun 01 14:14:51 Loaded file C:\PROGRAM FILES\ORCAD\LAYOUT\LIBRARY\TO.LLB
Sat Jun 01 14:14:51 Loaded file C:\PROGRAM FILES\ORCAD\LAYOUT\LIBRARY\TRAINING.LLB
Sat Jun 01 14:14:51 Loaded file C:\PROGRAM FILES\ORCAD\LAYOUT\LIBRARY\VRES.LLB
Sat Jun 01 14:14:51 Loaded file C:\PROGRAM FILES\ORCAD\LAYOUT\LIBRARY\WCON100T.LLB
Sat Jun 01 14:14:51 Loaded file C:\PROGRAM FILES\ORCAD\LAYOUT\LIBRARY\XT.LLB
Sat Jun 01 14:14:51 Loaded file C:\PROGRAM FILES\ORCAD\LAYOUT\LIBRARY\ZIGZAG.LLB
Sat Jun 01 14:14:51 Loaded file D:\DROPBOX12_2016\DROPBOX\ORCAD LIB\HBAOCRLIB_HOME.LLB
Sat Jun 01 14:14:51 Loaded file D:\DROPBOX12_2016\DROPBOX\ORCAD LIB\JUM.LLB
Sat Jun 01 14:14:51 Loaded file D:\DROPBOX12_2016\DROPBOX\ORCAD LIB\MICRO_SD_TME_SOCKET.LLB
Sat Jun 01 14:14:51 Loaded file D:\DROPBOX12_2016\DROPBOX\ORCAD LIB\PAYITFORWARD_FOOTPRINT_01012012.LLB
Sat Jun 01 14:14:51 Loaded file D:\DROPBOX12_2016\DROPBOX\ORCAD LIB\RFID.LLB
Sat Jun 01 14:14:51 Loaded file D:\DROPBOX12_2016\DROPBOX\ORCAD LIB\RJ45_HR911102A.LLB
Sat Jun 01 14:14:51 Loaded file D:\DROPBOX12_2016\DROPBOX\ORCAD LIB\SELAB_FOOTPRINT_LIB.LLB
Sat Jun 01 14:14:51 Loaded file D:\DROPBOX12_2016\DROPBOX\ORCAD LIB\TDF_V11_DESCRIBLE.LLB
Sat Jun 01 14:14:51 Loaded file D:\DROPBOX12_2016\DROPBOX\ORCAD LIB\THU VIEN.LLB
Sat Jun 01 14:14:51 Loaded file D:\DROPBOX12_2016\DROPBOX\ORCAD LIB\USBMINI.LLB
Sat Jun 01 14:14:51 Loaded file C:\Program Files\Orcad\Layout_Plus\library\BCON100T.llb
Sat Jun 01 14:14:51 Loaded file C:\Program Files\Orcad\Layout_Plus\library\BCON156T.llb
Sat Jun 01 14:14:51 Loaded file C:\Program Files\Orcad\Layout_Plus\library\BGA.llb
Sat Jun 01 14:14:51 Loaded file C:\Program Files\Orcad\Layout_Plus\library\CLCC.llb
Sat Jun 01 14:14:51 Loaded file C:\Program Files\Orcad\Layout_Plus\library\DCON050T.llb
Sat Jun 01 14:14:51 Loaded file C:\Program Files\Orcad\Layout_Plus\library\DCON085T.llb
Sat Jun 01 14:14:51 Loaded file C:\Program Files\Orcad\Layout_Plus\library\DIMM050F.llb
Sat Jun 01 14:14:51 Loaded file C:\Program Files\Orcad\Layout_Plus\library\DIMM050T.llb
Sat Jun 01 14:14:51 Loaded file C:\Program Files\Orcad\Layout_Plus\library\DIN.llb
Sat Jun 01 14:14:51 Loaded file C:\Program Files\Orcad\Layout_Plus\library\DIP100B.llb
Sat Jun 01 14:14:51 Loaded file C:\Program Files\Orcad\Layout_Plus\library\DIP100T.llb
Sat Jun 01 14:14:51 Loaded file C:\Program Files\Orcad\Layout_Plus\library\DSUBT.llb
Sat Jun 01 14:14:51 Loaded file C:\Program Files\Orcad\Layout_Plus\library\DSUBT_HD.LLB
Sat Jun 01 14:14:51 Loaded file C:\Program Files\Orcad\Layout_Plus\library\ECON100T.llb
Sat Jun 01 14:14:51 Loaded file C:\Program Files\Orcad\Layout_Plus\library\FBUS.llb
Sat Jun 01 14:14:51 Loaded file C:\Program Files\Orcad\Layout_Plus\library\ISA.llb
Sat Jun 01 14:14:51 Loaded file C:\Program Files\Orcad\Layout_Plus\library\JUMPER.LLB
Sat Jun 01 14:14:51 Loaded file C:\Program Files\Orcad\Layout_Plus\library\LAYOUT.llb
Sat Jun 01 14:14:51 Loaded file C:\Program Files\Orcad\Layout_Plus\library\LCON100T.llb
Sat Jun 01 14:14:51 Loaded file C:\Program Files\Orcad\Layout_Plus\library\PC104.llb
Sat Jun 01 14:14:51 Loaded file C:\Program Files\Orcad\Layout_Plus\library\PCI.llb
Sat Jun 01 14:14:51 Loaded file C:\Program Files\Orcad\Layout_Plus\library\PCON100T.llb
Sat Jun 01 14:14:51 Loaded file C:\Program Files\Orcad\Layout_Plus\library\PCON156T.llb
Sat Jun 01 14:14:51 Loaded file C:\Program Files\Orcad\Layout_Plus\library\PGA.llb
Sat Jun 01 14:14:51 Loaded file C:\Program Files\Orcad\Layout_Plus\library\PLCC.llb
Sat Jun 01 14:14:51 Loaded file C:\Program Files\Orcad\Layout_Plus\library\QUAD.llb
Sat Jun 01 14:14:51 Loaded file C:\Program Files\Orcad\Layout_Plus\library\QUADB.llb
Sat Jun 01 14:14:51 Loaded file C:\Program Files\Orcad\Layout_Plus\library\RELAY.llb
Sat Jun 01 14:14:51 Loaded file C:\Program Files\Orcad\Layout_Plus\library\RF.llb
Sat Jun 01 14:14:51 Loaded file C:\Program Files\Orcad\Layout_Plus\library\SBUS.llb
Sat Jun 01 14:14:51 Loaded file C:\Program Files\Orcad\Layout_Plus\library\SIMM050F.llb
Sat Jun 01 14:14:51 Loaded file C:\Program Files\Orcad\Layout_Plus\library\SIMM050T.llb
Sat Jun 01 14:14:51 Loaded file C:\Program Files\Orcad\Layout_Plus\library\SIMM100F.llb
Sat Jun 01 14:14:51 Loaded file C:\Program Files\Orcad\Layout_Plus\library\SIMM100T.llb
Sat Jun 01 14:14:51 Loaded file C:\Program Files\Orcad\Layout_Plus\library\SIP.llb
Sat Jun 01 14:14:51 Loaded file C:\Program Files\Orcad\Layout_Plus\library\SM.llb
Sat Jun 01 14:14:51 Loaded file C:\Program Files\Orcad\Layout_Plus\library\SOG.llb
Sat Jun 01 14:14:51 Loaded file C:\Program Files\Orcad\Layout_Plus\library\SOJ.llb
Sat Jun 01 14:14:51 Loaded file C:\Program Files\Orcad\Layout_Plus\library\STIFF.llb
Sat Jun 01 14:14:51 Loaded file C:\Program Files\Orcad\Layout_Plus\library\TELE.llb
Sat Jun 01 14:14:51 Loaded file C:\Program Files\Orcad\Layout_Plus\library\TM_AXIAL.llb
Sat Jun 01 14:14:51 Loaded file C:\Program Files\Orcad\Layout_Plus\library\TM_CAP_P.llb
Sat Jun 01 14:14:51 Loaded file C:\Program Files\Orcad\Layout_Plus\library\TM_CYLND.llb
Sat Jun 01 14:14:51 Loaded file C:\Program Files\Orcad\Layout_Plus\library\TM_DIODE.llb
Sat Jun 01 14:14:51 Loaded file C:\Program Files\Orcad\Layout_Plus\library\TM_DISC.llb
Sat Jun 01 14:14:51 Loaded file C:\Program Files\Orcad\Layout_Plus\library\TM_RAD.llb
Sat Jun 01 14:14:51 Loaded file C:\Program Files\Orcad\Layout_Plus\library\TO.llb
Sat Jun 01 14:14:51 Loaded file C:\Program Files\Orcad\Layout_Plus\library\TRAINING.LLB
Sat Jun 01 14:14:51 Loaded file C:\Program Files\Orcad\Layout_Plus\library\VRES.llb
Sat Jun 01 14:14:51 Loaded file C:\Program Files\Orcad\Layout_Plus\library\WCON100T.llb
Sat Jun 01 14:14:51 Loaded file C:\Program Files\Orcad\Layout_Plus\library\XT.llb
Sat Jun 01 14:14:51 Loaded file C:\Program Files\Orcad\Layout_Plus\library\ZIGZAG.llb
Sat Jun 01 14:14:59 Loaded file C:\Program Files\Orcad\Layout_Plus\data\template.imp
Sat Jun 01 14:14:59 Loaded file C:\Program Files\Orcad\Layout_Plus\data\template.imp
Sat Jun 01 14:15:03 Loaded file C:\Program Files\Orcad\Layout_Plus\data\template.imp
Sat Jun 01 14:15:21 Loaded file E:\PROJECTHOANGXU\2019\ESP32_RELAY\HW\ESP826D1.LLB
Sat Jun 01 14:15:24 Loaded file E:\PROJECTHOANGXU\2019\ESP32_RELAY\HW\ESP-WROOM-32.LLB
Sat Jun 01 14:15:25 Loaded file C:\PROGRAM FILES\ORCAD\LAYOUT\LIBRARY\BCON100T.LLB
Sat Jun 01 14:15:28 Loaded file C:\PROGRAM FILES\ORCAD\LAYOUT\LIBRARY\EX_GUI.LLB
Sat Jun 01 14:15:29 Loaded file C:\PROGRAM FILES\ORCAD\LAYOUT\LIBRARY\SBUS.LLB
Sat Jun 01 14:15:29 Loaded file C:\PROGRAM FILES\ORCAD\LAYOUT\LIBRARY\SIMM050F.LLB
Sat Jun 01 14:15:29 Loaded file C:\PROGRAM FILES\ORCAD\LAYOUT\LIBRARY\SIMM050T.LLB
Sat Jun 01 14:15:30 Loaded file C:\PROGRAM FILES\ORCAD\LAYOUT\LIBRARY\SIMM100F.LLB
Sat Jun 01 14:15:30 Loaded file C:\PROGRAM FILES\ORCAD\LAYOUT\LIBRARY\SIMM100T.LLB
Sat Jun 01 14:15:30 Loaded file C:\PROGRAM FILES\ORCAD\LAYOUT\LIBRARY\SIP.LLB
Sat Jun 01 14:15:31 Loaded file C:\PROGRAM FILES\ORCAD\LAYOUT\LIBRARY\SM.LLB
Sat Jun 01 14:15:52 Loaded file C:\Program Files\Orcad\Layout_Plus\data\template.imp
Sat Jun 01 14:15:54 Loaded file C:\Program Files\Orcad\Layout_Plus\data\template.imp
Sat Jun 01 14:15:54 Loaded file C:\Program Files\Orcad\Layout_Plus\data\template.imp
Sat Jun 01 14:15:55 Loaded file C:\Program Files\Orcad\Layout_Plus\data\template.imp
Sat Jun 01 14:15:55 Loaded file C:\Program Files\Orcad\Layout_Plus\data\template.imp
Sat Jun 01 14:15:55 Loaded file C:\Program Files\Orcad\Layout_Plus\data\template.imp
Sat Jun 01 14:15:55 Loaded file C:\Program Files\Orcad\Layout_Plus\data\template.imp
Sat Jun 01 14:15:55 Loaded file C:\Program Files\Orcad\Layout_Plus\data\template.imp
Sat Jun 01 14:15:55 Loaded file C:\Program Files\Orcad\Layout_Plus\data\template.imp
Sat Jun 01 14:15:55 Loaded file C:\Program Files\Orcad\Layout_Plus\data\template.imp
Sat Jun 01 14:15:55 Loaded file C:\Program Files\Orcad\Layout_Plus\data\template.imp
Sat Jun 01 14:15:55 Loaded file C:\Program Files\Orcad\Layout_Plus\data\template.imp
Sat Jun 01 14:15:55 Loaded file C:\Program Files\Orcad\Layout_Plus\data\template.imp
Sat Jun 01 14:15:55 Loaded file C:\Program Files\Orcad\Layout_Plus\data\template.imp
Sat Jun 01 14:15:55 Loaded file C:\Program Files\Orcad\Layout_Plus\data\template.imp
Sat Jun 01 14:15:55 Loaded file C:\Program Files\Orcad\Layout_Plus\data\template.imp
Sat Jun 01 14:15:55 Loaded file C:\Program Files\Orcad\Layout_Plus\data\template.imp
Sat Jun 01 14:15:55 Loaded file C:\Program Files\Orcad\Layout_Plus\data\template.imp
Sat Jun 01 14:15:55 Loaded file C:\Program Files\Orcad\Layout_Plus\data\template.imp
Sat Jun 01 14:15:55 Loaded file C:\Program Files\Orcad\Layout_Plus\data\template.imp
Sat Jun 01 14:15:55 Loaded file C:\Program Files\Orcad\Layout_Plus\data\template.imp
Sat Jun 01 14:15:55 Loaded file C:\Program Files\Orcad\Layout_Plus\data\template.imp
Sat Jun 01 14:15:55 Loaded file C:\Program Files\Orcad\Layout_Plus\data\template.imp
Sat Jun 01 14:15:55 Loaded file C:\Program Files\Orcad\Layout_Plus\data\template.imp
Sat Jun 01 14:15:55 Loaded file C:\Program Files\Orcad\Layout_Plus\data\template.imp
Sat Jun 01 14:15:55 Loaded file C:\Program Files\Orcad\Layout_Plus\data\template.imp
Sat Jun 01 14:15:55 Loaded file C:\Program Files\Orcad\Layout_Plus\data\template.imp
Sat Jun 01 14:15:55 Loaded file C:\Program Files\Orcad\Layout_Plus\data\template.imp
Sat Jun 01 14:15:55 Loaded file C:\Program Files\Orcad\Layout_Plus\data\template.imp
Sat Jun 01 14:15:55 Loaded file C:\Program Files\Orcad\Layout_Plus\data\template.imp
Sat Jun 01 14:15:55 Loaded file C:\Program Files\Orcad\Layout_Plus\data\template.imp
Sat Jun 01 14:15:56 Loaded file C:\Program Files\Orcad\Layout_Plus\data\template.imp
Sat Jun 01 14:15:56 Loaded file C:\Program Files\Orcad\Layout_Plus\data\template.imp
Sat Jun 01 14:15:56 Loaded file C:\Program Files\Orcad\Layout_Plus\data\template.imp
Sat Jun 01 14:15:56 Loaded file C:\Program Files\Orcad\Layout_Plus\data\template.imp
Sat Jun 01 14:15:56 Loaded file C:\Program Files\Orcad\Layout_Plus\data\template.imp
Sat Jun 01 14:15:56 Loaded file C:\Program Files\Orcad\Layout_Plus\data\template.imp
Sat Jun 01 14:15:56 Loaded file C:\Program Files\Orcad\Layout_Plus\data\template.imp
Sat Jun 01 14:15:56 Loaded file C:\Program Files\Orcad\Layout_Plus\data\template.imp
Sat Jun 01 14:15:56 Loaded file C:\Program Files\Orcad\Layout_Plus\data\template.imp
Sat Jun 01 14:15:56 Loaded file C:\Program Files\Orcad\Layout_Plus\data\template.imp
Sat Jun 01 14:15:56 Loaded file C:\Program Files\Orcad\Layout_Plus\data\template.imp
Sat Jun 01 14:15:56 Loaded file C:\Program Files\Orcad\Layout_Plus\data\template.imp
Sat Jun 01 14:15:57 Loaded file C:\Program Files\Orcad\Layout_Plus\data\template.imp
Sat Jun 01 14:15:57 Loaded file C:\Program Files\Orcad\Layout_Plus\data\template.imp
Sat Jun 01 14:15:57 Loaded file C:\Program Files\Orcad\Layout_Plus\data\template.imp
Sat Jun 01 14:15:57 Loaded file C:\Program Files\Orcad\Layout_Plus\data\template.imp
Sat Jun 01 14:15:57 Loaded file C:\Program Files\Orcad\Layout_Plus\data\template.imp
Sat Jun 01 14:15:57 Loaded file C:\Program Files\Orcad\Layout_Plus\data\template.imp
Sat Jun 01 14:15:57 Loaded file C:\Program Files\Orcad\Layout_Plus\data\template.imp
Sat Jun 01 14:15:57 Loaded file C:\Program Files\Orcad\Layout_Plus\data\template.imp
Sat Jun 01 14:15:57 Loaded file C:\Program Files\Orcad\Layout_Plus\data\template.imp
Sat Jun 01 14:15:57 Loaded file C:\Program Files\Orcad\Layout_Plus\data\template.imp
Sat Jun 01 14:15:57 Loaded file C:\Program Files\Orcad\Layout_Plus\data\template.imp
Sat Jun 01 14:15:57 Loaded file C:\Program Files\Orcad\Layout_Plus\data\template.imp
Sat Jun 01 14:15:57 Loaded file C:\Program Files\Orcad\Layout_Plus\data\template.imp
Sat Jun 01 14:15:57 Loaded file C:\Program Files\Orcad\Layout_Plus\data\template.imp
Sat Jun 01 14:15:57 Loaded file C:\Program Files\Orcad\Layout_Plus\data\template.imp
Sat Jun 01 14:15:57 Loaded file C:\Program Files\Orcad\Layout_Plus\data\template.imp
Sat Jun 01 14:15:57 Loaded file C:\Program Files\Orcad\Layout_Plus\data\template.imp
Sat Jun 01 14:15:57 Loaded file C:\Program Files\Orcad\Layout_Plus\data\template.imp
Sat Jun 01 14:15:57 Loaded file C:\Program Files\Orcad\Layout_Plus\data\template.imp
Sat Jun 01 14:15:57 Loaded file C:\Program Files\Orcad\Layout_Plus\data\template.imp
Sat Jun 01 14:15:57 Loaded file C:\Program Files\Orcad\Layout_Plus\data\template.imp
Sat Jun 01 14:15:57 Loaded file C:\Program Files\Orcad\Layout_Plus\data\template.imp
Sat Jun 01 14:15:57 Loaded file C:\Program Files\Orcad\Layout_Plus\data\template.imp
Sat Jun 01 14:15:57 Loaded file C:\Program Files\Orcad\Layout_Plus\data\template.imp
Sat Jun 01 14:15:58 Loaded file C:\Program Files\Orcad\Layout_Plus\data\template.imp
Sat Jun 01 14:15:58 Loaded file C:\Program Files\Orcad\Layout_Plus\data\template.imp
Sat Jun 01 14:15:58 Loaded file C:\Program Files\Orcad\Layout_Plus\data\template.imp
Sat Jun 01 14:15:58 Loaded file C:\Program Files\Orcad\Layout_Plus\data\template.imp
Sat Jun 01 14:15:58 Loaded file C:\Program Files\Orcad\Layout_Plus\data\template.imp
Sat Jun 01 14:15:58 Loaded file C:\Program Files\Orcad\Layout_Plus\data\template.imp
Sat Jun 01 14:15:58 Loaded file C:\Program Files\Orcad\Layout_Plus\data\template.imp
Sat Jun 01 14:15:58 Loaded file C:\Program Files\Orcad\Layout_Plus\data\template.imp
Sat Jun 01 14:15:58 Loaded file C:\Program Files\Orcad\Layout_Plus\data\template.imp
Sat Jun 01 14:16:00 Loaded file C:\Program Files\Orcad\Layout_Plus\data\template.imp
Sat Jun 01 14:16:01 Loaded file C:\Program Files\Orcad\Layout_Plus\data\template.imp
Sat Jun 01 14:16:01 Loaded file C:\Program Files\Orcad\Layout_Plus\data\template.imp
Sat Jun 01 14:16:01 Loaded file C:\Program Files\Orcad\Layout_Plus\data\template.imp
Sat Jun 01 14:16:01 Loaded file C:\Program Files\Orcad\Layout_Plus\data\template.imp
Sat Jun 01 14:16:01 Loaded file C:\Program Files\Orcad\Layout_Plus\data\template.imp
Sat Jun 01 14:16:01 Loaded file C:\Program Files\Orcad\Layout_Plus\data\template.imp
Sat Jun 01 14:16:01 Loaded file C:\Program Files\Orcad\Layout_Plus\data\template.imp
Sat Jun 01 14:16:01 Loaded file C:\Program Files\Orcad\Layout_Plus\data\template.imp
Sat Jun 01 14:16:01 Loaded file C:\Program Files\Orcad\Layout_Plus\data\template.imp
Sat Jun 01 14:16:01 Loaded file C:\Program Files\Orcad\Layout_Plus\data\template.imp
Sat Jun 01 14:16:01 Loaded file C:\Program Files\Orcad\Layout_Plus\data\template.imp
Sat Jun 01 14:16:02 Loaded file C:\Program Files\Orcad\Layout_Plus\data\template.imp
Sat Jun 01 14:16:02 Loaded file C:\Program Files\Orcad\Layout_Plus\data\template.imp
Sat Jun 01 14:16:02 Loaded file C:\Program Files\Orcad\Layout_Plus\data\template.imp
Sat Jun 01 14:16:03 Loaded file C:\Program Files\Orcad\Layout_Plus\data\template.imp
Sat Jun 01 14:16:03 Loaded file C:\Program Files\Orcad\Layout_Plus\data\template.imp
Sat Jun 01 14:16:03 Loaded file C:\Program Files\Orcad\Layout_Plus\data\template.imp
Sat Jun 01 14:16:03 Loaded file C:\Program Files\Orcad\Layout_Plus\data\template.imp
Sat Jun 01 14:16:03 Loaded file C:\Program Files\Orcad\Layout_Plus\data\template.imp
Sat Jun 01 14:16:04 Loaded file C:\Program Files\Orcad\Layout_Plus\data\template.imp
Sat Jun 01 14:16:04 Loaded file C:\Program Files\Orcad\Layout_Plus\data\template.imp
Sat Jun 01 14:16:04 Loaded file C:\Program Files\Orcad\Layout_Plus\data\template.imp
Sat Jun 01 14:16:04 Loaded file C:\Program Files\Orcad\Layout_Plus\data\template.imp
Sat Jun 01 14:16:05 Loaded file C:\Program Files\Orcad\Layout_Plus\data\template.imp
Sat Jun 01 14:16:05 Loaded file C:\Program Files\Orcad\Layout_Plus\data\template.imp
Sat Jun 01 14:16:05 Loaded file C:\Program Files\Orcad\Layout_Plus\data\template.imp
Sat Jun 01 14:16:06 Loaded file C:\Program Files\Orcad\Layout_Plus\data\template.imp
Sat Jun 01 14:16:06 Loaded file C:\Program Files\Orcad\Layout_Plus\data\template.imp
Sat Jun 01 14:16:06 Loaded file C:\Program Files\Orcad\Layout_Plus\data\template.imp
Sat Jun 01 14:16:06 Loaded file C:\Program Files\Orcad\Layout_Plus\data\template.imp
Sat Jun 01 14:16:07 Loaded file C:\Program Files\Orcad\Layout_Plus\data\template.imp
Sat Jun 01 14:16:09 Loaded file C:\Program Files\Orcad\Layout_Plus\data\template.imp
Sat Jun 01 14:16:09 Loaded file C:\Program Files\Orcad\Layout_Plus\data\template.imp
Sat Jun 01 14:16:16 Loaded file C:\PROGRAM FILES\ORCAD\LAYOUT\LIBRARY\SM.LLB
Sat Jun 01 14:16:19 Loaded file C:\Program Files\Orcad\Layout_Plus\data\template.imp
Sat Jun 01 14:16:19 Loaded file C:\Program Files\Orcad\Layout_Plus\data\template.imp
Sat Jun 01 14:16:28 Loaded file C:\PROGRAM FILES\ORCAD\LAYOUT\LIBRARY\DIMM050T.LLB
Sat Jun 01 14:16:29 Loaded file C:\PROGRAM FILES\ORCAD\LAYOUT\LIBRARY\TELE.LLB
Sat Jun 01 14:16:30 Loaded file C:\PROGRAM FILES\ORCAD\LAYOUT\LIBRARY\TM_AXIAL.LLB
Sat Jun 01 14:16:30 Loaded file C:\PROGRAM FILES\ORCAD\LAYOUT\LIBRARY\TM_CAP_P.LLB
Sat Jun 01 14:16:30 Loaded file C:\PROGRAM FILES\ORCAD\LAYOUT\LIBRARY\TM_CYLND.LLB
Sat Jun 01 14:16:30 Loaded file C:\PROGRAM FILES\ORCAD\LAYOUT\LIBRARY\TM_DIODE.LLB
Sat Jun 01 14:16:30 Loaded file C:\PROGRAM FILES\ORCAD\LAYOUT\LIBRARY\TM_DISC.LLB
Sat Jun 01 14:16:30 Loaded file C:\PROGRAM FILES\ORCAD\LAYOUT\LIBRARY\TM_RAD.LLB
Sat Jun 01 14:16:31 Loaded file C:\PROGRAM FILES\ORCAD\LAYOUT\LIBRARY\TO.LLB
Sat Jun 01 14:16:31 Loaded file C:\PROGRAM FILES\ORCAD\LAYOUT\LIBRARY\TRAINING.LLB
Sat Jun 01 14:16:31 Loaded file D:\DROPBOX12_2016\DROPBOX\ORCAD LIB\TDF_V11_DESCRIBLE.LLB
Sat Jun 01 14:16:31 Loaded file D:\DROPBOX12_2016\DROPBOX\ORCAD LIB\THU VIEN.LLB
Sat Jun 01 14:16:34 Loaded file C:\Program Files\Orcad\Layout_Plus\data\template.imp
Sat Jun 01 14:16:35 Loaded file C:\Program Files\Orcad\Layout_Plus\data\template.imp
Sat Jun 01 14:16:35 Loaded file C:\Program Files\Orcad\Layout_Plus\data\template.imp
Sat Jun 01 14:16:36 Loaded file C:\Program Files\Orcad\Layout_Plus\data\template.imp
Sat Jun 01 14:16:36 Loaded file C:\Program Files\Orcad\Layout_Plus\data\template.imp
Sat Jun 01 14:16:36 Loaded file C:\Program Files\Orcad\Layout_Plus\data\template.imp
Sat Jun 01 14:16:36 Loaded file C:\Program Files\Orcad\Layout_Plus\data\template.imp
Sat Jun 01 14:16:37 Loaded file C:\Program Files\Orcad\Layout_Plus\data\template.imp
Sat Jun 01 14:16:37 Loaded file C:\Program Files\Orcad\Layout_Plus\data\template.imp
Sat Jun 01 14:16:37 Loaded file C:\Program Files\Orcad\Layout_Plus\data\template.imp
Sat Jun 01 14:16:38 Loaded file C:\Program Files\Orcad\Layout_Plus\data\template.imp
Sat Jun 01 14:16:38 Loaded file C:\Program Files\Orcad\Layout_Plus\data\template.imp
Sat Jun 01 14:16:38 Loaded file C:\Program Files\Orcad\Layout_Plus\data\template.imp
Sat Jun 01 14:16:38 Loaded file C:\Program Files\Orcad\Layout_Plus\data\template.imp
Sat Jun 01 14:16:38 Loaded file C:\Program Files\Orcad\Layout_Plus\data\template.imp
Sat Jun 01 14:16:38 Loaded file C:\Program Files\Orcad\Layout_Plus\data\template.imp
Sat Jun 01 14:16:38 Loaded file C:\Program Files\Orcad\Layout_Plus\data\template.imp
Sat Jun 01 14:16:38 Loaded file C:\Program Files\Orcad\Layout_Plus\data\template.imp
Sat Jun 01 14:16:38 Loaded file C:\Program Files\Orcad\Layout_Plus\data\template.imp
Sat Jun 01 14:16:39 Loaded file C:\Program Files\Orcad\Layout_Plus\data\template.imp
Sat Jun 01 14:16:39 Loaded file C:\Program Files\Orcad\Layout_Plus\data\template.imp
Sat Jun 01 14:16:39 Loaded file C:\Program Files\Orcad\Layout_Plus\data\template.imp
Sat Jun 01 14:16:39 Loaded file C:\Program Files\Orcad\Layout_Plus\data\template.imp
Sat Jun 01 14:16:39 Loaded file C:\Program Files\Orcad\Layout_Plus\data\template.imp
Sat Jun 01 14:16:39 Loaded file C:\Program Files\Orcad\Layout_Plus\data\template.imp
Sat Jun 01 14:16:39 Loaded file C:\Program Files\Orcad\Layout_Plus\data\template.imp
Sat Jun 01 14:16:39 Loaded file C:\Program Files\Orcad\Layout_Plus\data\template.imp
Sat Jun 01 14:16:39 Loaded file C:\Program Files\Orcad\Layout_Plus\data\template.imp
Sat Jun 01 14:16:39 Loaded file C:\Program Files\Orcad\Layout_Plus\data\template.imp
Sat Jun 01 14:16:39 Loaded file C:\Program Files\Orcad\Layout_Plus\data\template.imp
Sat Jun 01 14:16:39 Loaded file C:\Program Files\Orcad\Layout_Plus\data\template.imp
Sat Jun 01 14:16:39 Loaded file C:\Program Files\Orcad\Layout_Plus\data\template.imp
Sat Jun 01 14:16:39 Loaded file C:\Program Files\Orcad\Layout_Plus\data\template.imp
Sat Jun 01 14:16:39 Loaded file C:\Program Files\Orcad\Layout_Plus\data\template.imp
Sat Jun 01 14:16:40 Loaded file C:\Program Files\Orcad\Layout_Plus\data\template.imp
Sat Jun 01 14:16:40 Loaded file C:\Program Files\Orcad\Layout_Plus\data\template.imp
Sat Jun 01 14:16:40 Loaded file C:\Program Files\Orcad\Layout_Plus\data\template.imp
Sat Jun 01 14:16:40 Loaded file C:\Program Files\Orcad\Layout_Plus\data\template.imp
Sat Jun 01 14:16:40 Loaded file C:\Program Files\Orcad\Layout_Plus\data\template.imp
Sat Jun 01 14:16:40 Loaded file C:\Program Files\Orcad\Layout_Plus\data\template.imp
Sat Jun 01 14:16:41 Loaded file C:\Program Files\Orcad\Layout_Plus\data\template.imp
Sat Jun 01 14:16:41 Loaded file C:\Program Files\Orcad\Layout_Plus\data\template.imp
Sat Jun 01 14:16:41 Loaded file C:\Program Files\Orcad\Layout_Plus\data\template.imp
Sat Jun 01 14:16:41 Loaded file C:\Program Files\Orcad\Layout_Plus\data\template.imp
Sat Jun 01 14:16:41 Loaded file C:\Program Files\Orcad\Layout_Plus\data\template.imp
Sat Jun 01 14:16:41 Loaded file C:\Program Files\Orcad\Layout_Plus\data\template.imp
Sat Jun 01 14:16:41 Loaded file C:\Program Files\Orcad\Layout_Plus\data\template.imp
Sat Jun 01 14:16:41 Loaded file C:\Program Files\Orcad\Layout_Plus\data\template.imp
Sat Jun 01 14:16:41 Loaded file C:\Program Files\Orcad\Layout_Plus\data\template.imp
Sat Jun 01 14:16:41 Loaded file C:\Program Files\Orcad\Layout_Plus\data\template.imp
Sat Jun 01 14:16:41 Loaded file C:\Program Files\Orcad\Layout_Plus\data\template.imp
Sat Jun 01 14:16:41 Loaded file C:\Program Files\Orcad\Layout_Plus\data\template.imp
Sat Jun 01 14:16:41 Loaded file C:\Program Files\Orcad\Layout_Plus\data\template.imp
Sat Jun 01 14:16:41 Loaded file C:\Program Files\Orcad\Layout_Plus\data\template.imp
Sat Jun 01 14:16:41 Loaded file C:\Program Files\Orcad\Layout_Plus\data\template.imp
Sat Jun 01 14:16:41 Loaded file C:\Program Files\Orcad\Layout_Plus\data\template.imp
Sat Jun 01 14:16:41 Loaded file C:\Program Files\Orcad\Layout_Plus\data\template.imp
Sat Jun 01 14:16:41 Loaded file C:\Program Files\Orcad\Layout_Plus\data\template.imp
Sat Jun 01 14:16:41 Loaded file C:\Program Files\Orcad\Layout_Plus\data\template.imp
Sat Jun 01 14:16:41 Loaded file C:\Program Files\Orcad\Layout_Plus\data\template.imp
Sat Jun 01 14:16:41 Loaded file C:\Program Files\Orcad\Layout_Plus\data\template.imp
Sat Jun 01 14:16:41 Loaded file C:\Program Files\Orcad\Layout_Plus\data\template.imp
Sat Jun 01 14:16:41 Loaded file C:\Program Files\Orcad\Layout_Plus\data\template.imp
Sat Jun 01 14:16:41 Loaded file C:\Program Files\Orcad\Layout_Plus\data\template.imp
Sat Jun 01 14:16:41 Loaded file C:\Program Files\Orcad\Layout_Plus\data\template.imp
Sat Jun 01 14:16:41 Loaded file C:\Program Files\Orcad\Layout_Plus\data\template.imp
Sat Jun 01 14:16:41 Loaded file C:\Program Files\Orcad\Layout_Plus\data\template.imp
Sat Jun 01 14:16:41 Loaded file C:\Program Files\Orcad\Layout_Plus\data\template.imp
Sat Jun 01 14:16:41 Loaded file C:\Program Files\Orcad\Layout_Plus\data\template.imp
Sat Jun 01 14:16:41 Loaded file C:\Program Files\Orcad\Layout_Plus\data\template.imp
Sat Jun 01 14:16:41 Loaded file C:\Program Files\Orcad\Layout_Plus\data\template.imp
Sat Jun 01 14:16:41 Loaded file C:\Program Files\Orcad\Layout_Plus\data\template.imp
Sat Jun 01 14:16:41 Loaded file C:\Program Files\Orcad\Layout_Plus\data\template.imp
Sat Jun 01 14:16:41 Loaded file C:\Program Files\Orcad\Layout_Plus\data\template.imp
Sat Jun 01 14:16:41 Loaded file C:\Program Files\Orcad\Layout_Plus\data\template.imp
Sat Jun 01 14:16:41 Loaded file C:\Program Files\Orcad\Layout_Plus\data\template.imp
Sat Jun 01 14:16:41 Loaded file C:\Program Files\Orcad\Layout_Plus\data\template.imp
Sat Jun 01 14:16:41 Loaded file C:\Program Files\Orcad\Layout_Plus\data\template.imp
Sat Jun 01 14:16:41 Loaded file C:\Program Files\Orcad\Layout_Plus\data\template.imp
Sat Jun 01 14:16:41 Loaded file C:\Program Files\Orcad\Layout_Plus\data\template.imp
Sat Jun 01 14:16:41 Loaded file C:\Program Files\Orcad\Layout_Plus\data\template.imp
Sat Jun 01 14:16:41 Loaded file C:\Program Files\Orcad\Layout_Plus\data\template.imp
Sat Jun 01 14:16:42 Loaded file C:\Program Files\Orcad\Layout_Plus\data\template.imp
Sat Jun 01 14:16:42 Loaded file C:\Program Files\Orcad\Layout_Plus\data\template.imp
Sat Jun 01 14:16:42 Loaded file C:\Program Files\Orcad\Layout_Plus\data\template.imp
Sat Jun 01 14:16:42 Loaded file C:\Program Files\Orcad\Layout_Plus\data\template.imp
Sat Jun 01 14:16:42 Loaded file C:\Program Files\Orcad\Layout_Plus\data\template.imp
Sat Jun 01 14:16:42 Loaded file C:\Program Files\Orcad\Layout_Plus\data\template.imp
Sat Jun 01 14:16:42 Loaded file C:\Program Files\Orcad\Layout_Plus\data\template.imp
Sat Jun 01 14:16:42 Loaded file C:\Program Files\Orcad\Layout_Plus\data\template.imp
Sat Jun 01 14:16:42 Loaded file C:\Program Files\Orcad\Layout_Plus\data\template.imp
Sat Jun 01 14:16:42 Loaded file C:\Program Files\Orcad\Layout_Plus\data\template.imp
Sat Jun 01 14:16:42 Loaded file C:\Program Files\Orcad\Layout_Plus\data\template.imp
Sat Jun 01 14:16:42 Loaded file C:\Program Files\Orcad\Layout_Plus\data\template.imp
Sat Jun 01 14:16:42 Loaded file C:\Program Files\Orcad\Layout_Plus\data\template.imp
Sat Jun 01 14:16:42 Loaded file C:\Program Files\Orcad\Layout_Plus\data\template.imp
Sat Jun 01 14:16:42 Loaded file C:\Program Files\Orcad\Layout_Plus\data\template.imp
Sat Jun 01 14:16:43 Loaded file C:\Program Files\Orcad\Layout_Plus\data\template.imp
Sat Jun 01 14:16:43 Loaded file C:\Program Files\Orcad\Layout_Plus\data\template.imp
Sat Jun 01 14:16:43 Loaded file C:\Program Files\Orcad\Layout_Plus\data\template.imp
Sat Jun 01 14:16:43 Loaded file C:\Program Files\Orcad\Layout_Plus\data\template.imp
Sat Jun 01 14:16:44 Loaded file C:\Program Files\Orcad\Layout_Plus\data\template.imp
Sat Jun 01 14:16:44 Loaded file C:\Program Files\Orcad\Layout_Plus\data\template.imp
Sat Jun 01 14:16:44 Loaded file C:\Program Files\Orcad\Layout_Plus\data\template.imp
Sat Jun 01 14:16:44 Loaded file C:\Program Files\Orcad\Layout_Plus\data\template.imp
Sat Jun 01 14:16:45 Loaded file C:\Program Files\Orcad\Layout_Plus\data\template.imp
Sat Jun 01 14:16:45 Loaded file C:\Program Files\Orcad\Layout_Plus\data\template.imp
Sat Jun 01 14:16:45 Loaded file C:\Program Files\Orcad\Layout_Plus\data\template.imp
Sat Jun 01 14:16:45 Loaded file C:\Program Files\Orcad\Layout_Plus\data\template.imp
Sat Jun 01 14:16:46 Loaded file C:\Program Files\Orcad\Layout_Plus\data\template.imp
Sat Jun 01 14:16:46 Loaded file C:\Program Files\Orcad\Layout_Plus\data\template.imp
Sat Jun 01 14:16:46 Loaded file C:\Program Files\Orcad\Layout_Plus\data\template.imp
Sat Jun 01 14:16:46 Loaded file C:\Program Files\Orcad\Layout_Plus\data\template.imp
Sat Jun 01 14:16:46 Loaded file C:\Program Files\Orcad\Layout_Plus\data\template.imp
Sat Jun 01 14:16:47 Loaded file C:\Program Files\Orcad\Layout_Plus\data\template.imp
Sat Jun 01 14:16:47 Loaded file C:\Program Files\Orcad\Layout_Plus\data\template.imp
Sat Jun 01 14:16:47 Loaded file C:\Program Files\Orcad\Layout_Plus\data\template.imp
Sat Jun 01 14:16:47 Loaded file C:\Program Files\Orcad\Layout_Plus\data\template.imp
Sat Jun 01 14:16:48 Loaded file C:\Program Files\Orcad\Layout_Plus\data\template.imp
Sat Jun 01 14:16:48 Loaded file C:\Program Files\Orcad\Layout_Plus\data\template.imp
Sat Jun 01 14:16:48 Loaded file C:\Program Files\Orcad\Layout_Plus\data\template.imp
Sat Jun 01 14:16:48 Loaded file C:\Program Files\Orcad\Layout_Plus\data\template.imp
Sat Jun 01 14:16:49 Loaded file C:\Program Files\Orcad\Layout_Plus\data\template.imp
Sat Jun 01 14:16:56 Loaded file D:\DROPBOX12_2016\DROPBOX\ORCAD LIB\HBAOCRLIB_HOME.LLB
Sat Jun 01 14:16:59 Saved as file E:\PROJECTHOANGXU\2019\ESP32_RELAY\HW\V3\ESP8266D1-RELAY-ONLY.MAX
Sat Jun 01 14:17:25 Loaded file C:\Program Files\Orcad\Layout_Plus\data\template.imp
Sat Jun 01 14:17:25 Loaded file C:\Program Files\Orcad\Layout_Plus\data\template.imp
Sat Jun 01 14:17:41 Loaded file E:\PROJECTHOANGXU\2019\ESP32_RELAY\HW\V3\ESP826D1_CENTER_RL_V3.LLB
Sat Jun 01 14:17:47 Loaded file C:\Program Files\Orcad\Layout_Plus\data\template.imp
Sat Jun 01 14:17:48 Loaded file C:\Program Files\Orcad\Layout_Plus\data\template.imp
Sat Jun 01 14:17:49 Loaded file C:\Program Files\Orcad\Layout_Plus\data\template.imp
Sat Jun 01 14:17:49 Loaded file C:\Program Files\Orcad\Layout_Plus\data\template.imp
Sat Jun 01 14:17:49 Loaded file C:\Program Files\Orcad\Layout_Plus\data\template.imp
Sat Jun 01 14:17:49 Loaded file C:\Program Files\Orcad\Layout_Plus\data\template.imp
Sat Jun 01 14:17:50 Loaded file C:\Program Files\Orcad\Layout_Plus\data\template.imp
Sat Jun 01 14:17:50 Loaded file C:\Program Files\Orcad\Layout_Plus\data\template.imp
Sat Jun 01 14:17:50 Loaded file C:\Program Files\Orcad\Layout_Plus\data\template.imp
Sat Jun 01 14:17:50 Loaded file C:\Program Files\Orcad\Layout_Plus\data\template.imp
Sat Jun 01 14:17:50 Loaded file C:\Program Files\Orcad\Layout_Plus\data\template.imp
Sat Jun 01 14:17:50 Loaded file C:\Program Files\Orcad\Layout_Plus\data\template.imp
Sat Jun 01 14:17:50 Loaded file C:\Program Files\Orcad\Layout_Plus\data\template.imp
Sat Jun 01 14:17:50 Loaded file C:\Program Files\Orcad\Layout_Plus\data\template.imp
Sat Jun 01 14:17:50 Loaded file C:\Program Files\Orcad\Layout_Plus\data\template.imp
Sat Jun 01 14:17:50 Loaded file C:\Program Files\Orcad\Layout_Plus\data\template.imp
Sat Jun 01 14:17:51 Loaded file C:\Program Files\Orcad\Layout_Plus\data\template.imp
Sat Jun 01 14:17:51 Loaded file C:\Program Files\Orcad\Layout_Plus\data\template.imp
Sat Jun 01 14:17:51 Loaded file C:\Program Files\Orcad\Layout_Plus\data\template.imp
Sat Jun 01 14:17:51 Loaded file C:\Program Files\Orcad\Layout_Plus\data\template.imp
Sat Jun 01 14:17:51 Loaded file C:\Program Files\Orcad\Layout_Plus\data\template.imp
Sat Jun 01 14:17:52 Loaded file C:\Program Files\Orcad\Layout_Plus\data\template.imp
Sat Jun 01 14:17:52 Loaded file C:\Program Files\Orcad\Layout_Plus\data\template.imp
Sat Jun 01 14:17:52 Loaded file C:\Program Files\Orcad\Layout_Plus\data\template.imp
Sat Jun 01 14:17:52 Loaded file C:\Program Files\Orcad\Layout_Plus\data\template.imp
Sat Jun 01 14:17:52 Loaded file C:\Program Files\Orcad\Layout_Plus\data\template.imp
Sat Jun 01 14:17:52 Loaded file C:\Program Files\Orcad\Layout_Plus\data\template.imp
Sat Jun 01 14:17:52 Loaded file C:\Program Files\Orcad\Layout_Plus\data\template.imp
Sat Jun 01 14:17:52 Loaded file C:\Program Files\Orcad\Layout_Plus\data\template.imp
Sat Jun 01 14:17:52 Loaded file C:\Program Files\Orcad\Layout_Plus\data\template.imp
Sat Jun 01 14:17:53 Loaded file C:\Program Files\Orcad\Layout_Plus\data\template.imp
Sat Jun 01 14:17:53 Loaded file C:\Program Files\Orcad\Layout_Plus\data\template.imp
Sat Jun 01 14:17:53 Loaded file C:\Program Files\Orcad\Layout_Plus\data\template.imp
Sat Jun 01 14:17:54 Loaded file C:\Program Files\Orcad\Layout_Plus\data\template.imp
Sat Jun 01 14:17:54 Loaded file C:\Program Files\Orcad\Layout_Plus\data\template.imp
Sat Jun 01 14:17:54 Loaded file C:\Program Files\Orcad\Layout_Plus\data\template.imp
Sat Jun 01 14:17:54 Loaded file C:\Program Files\Orcad\Layout_Plus\data\template.imp
Sat Jun 01 14:17:55 Loaded file C:\Program Files\Orcad\Layout_Plus\data\template.imp
Sat Jun 01 14:17:55 Loaded file C:\Program Files\Orcad\Layout_Plus\data\template.imp
Sat Jun 01 14:17:55 Loaded file C:\Program Files\Orcad\Layout_Plus\data\template.imp
Sat Jun 01 14:17:55 Loaded file C:\Program Files\Orcad\Layout_Plus\data\template.imp
Sat Jun 01 14:17:55 Loaded file C:\Program Files\Orcad\Layout_Plus\data\template.imp
Sat Jun 01 14:17:55 Loaded file C:\Program Files\Orcad\Layout_Plus\data\template.imp
Sat Jun 01 14:17:55 Loaded file C:\Program Files\Orcad\Layout_Plus\data\template.imp
Sat Jun 01 14:17:55 Loaded file C:\Program Files\Orcad\Layout_Plus\data\template.imp
Sat Jun 01 14:17:56 Loaded file C:\Program Files\Orcad\Layout_Plus\data\template.imp
Sat Jun 01 14:17:56 Loaded file C:\Program Files\Orcad\Layout_Plus\data\template.imp
Sat Jun 01 14:17:56 Loaded file C:\Program Files\Orcad\Layout_Plus\data\template.imp
Sat Jun 01 14:17:56 Loaded file C:\Program Files\Orcad\Layout_Plus\data\template.imp
Sat Jun 01 14:17:57 Loaded file C:\Program Files\Orcad\Layout_Plus\data\template.imp
Sat Jun 01 14:18:01 Loaded file C:\Program Files\Orcad\Layout_Plus\data\template.imp
Sat Jun 01 14:18:14 Loaded file C:\Program Files\Orcad\Layout_Plus\data\template.imp
Sat Jun 01 14:18:14 Loaded file C:\Program Files\Orcad\Layout_Plus\data\template.imp
Sat Jun 01 14:18:14 Loaded file C:\Program Files\Orcad\Layout_Plus\data\template.imp
Sat Jun 01 14:18:14 Loaded file C:\Program Files\Orcad\Layout_Plus\data\template.imp
Sat Jun 01 14:18:17 Loaded file E:\PROJECTHOANGXU\2019\ESP32_RELAY\HW\V3\ESP826D1_CENTER_RL_V3.LLB
Sat Jun 01 14:18:28 Loaded file C:\Program Files\Orcad\Layout_Plus\data\template.imp
Sat Jun 01 14:18:39 Loaded file C:\Program Files\Orcad\Layout_Plus\data\template.imp
Sat Jun 01 14:18:39 Loaded file C:\Program Files\Orcad\Layout_Plus\data\template.imp
Sat Jun 01 14:18:39 Loaded file C:\Program Files\Orcad\Layout_Plus\data\template.imp
Sat Jun 01 14:18:39 Loaded file C:\Program Files\Orcad\Layout_Plus\data\template.imp
Sat Jun 01 14:18:41 Loaded file C:\Program Files\Orcad\Layout_Plus\data\template.imp
Sat Jun 01 14:18:43 Loaded file E:\PROJECTHOANGXU\2019\ESP32_RELAY\HW\V3\ESP826D1_CENTER_RL_V3.LLB
Sat Jun 01 14:18:52 Loaded file C:\Program Files\Orcad\Layout_Plus\data\template.imp
Sat Jun 01 14:28:08 Saved as file BACKUP1.MAX
Sat Jun 01 14:30:33 Saved as file E:\PROJECTHOANGXU\2019\ESP32_RELAY\HW\V3\ESP8266D1-RELAY-ONLY.MAX
Sat Jun 01 14:30:41 Saved as file BACKUP1.MAX
Sat Jun 01 14:30:41 Saved as file E:\PROJECTHOANGXU\2019\ESP32_RELAY\HW\V3\ESP8266D1-RELAY-ONLY.MAX
Sat Jun 01 14:30:41 UserDiv from Layout.INI for AutoECO: 60
Sat Jun 01 14:30:41 Loaded file E:\PROJECTHOANGXU\2019\ESP32_RELAY\HW\V3\ESP8266D1-RELAY-ONLY.MAX
Sat Jun 01 14:30:41 Loaded file E:\PROJECTHOANGXU\2019\ESP32_RELAY\HW\V3\ESP826D1_CENTER_RL_V3.LLB
Sat Jun 01 14:30:41 Loaded file E:\PROJECTHOANGXU\2019\ESP32_RELAY\HW\ESP826D1.LLB
Sat Jun 01 14:30:41 Loaded file E:\PROJECTHOANGXU\2019\ESP32_RELAY\HW\ESP-WROOM-32.LLB
Sat Jun 01 14:30:41 Loaded file C:\PROGRAM FILES\ORCAD\LAYOUT\LIBRARY\BCON100T.LLB
Sat Jun 01 14:30:41 Loaded file C:\PROGRAM FILES\ORCAD\LAYOUT\LIBRARY\BCON156T.LLB
Sat Jun 01 14:30:41 Loaded file C:\PROGRAM FILES\ORCAD\LAYOUT\LIBRARY\BGA.LLB
Sat Jun 01 14:30:41 Loaded file C:\PROGRAM FILES\ORCAD\LAYOUT\LIBRARY\CLCC.LLB
Sat Jun 01 14:30:41 Loaded file C:\PROGRAM FILES\ORCAD\LAYOUT\LIBRARY\DCON050T.LLB
Sat Jun 01 14:30:41 Loaded file C:\PROGRAM FILES\ORCAD\LAYOUT\LIBRARY\DCON085T.LLB
Sat Jun 01 14:30:41 Loaded file C:\PROGRAM FILES\ORCAD\LAYOUT\LIBRARY\DIMM050F.LLB
Sat Jun 01 14:30:41 Loaded file C:\PROGRAM FILES\ORCAD\LAYOUT\LIBRARY\DIMM050T.LLB
Sat Jun 01 14:30:41 Loaded file C:\PROGRAM FILES\ORCAD\LAYOUT\LIBRARY\DIN.LLB
Sat Jun 01 14:30:41 Loaded file C:\PROGRAM FILES\ORCAD\LAYOUT\LIBRARY\DIP100B.LLB
Sat Jun 01 14:30:41 Loaded file C:\PROGRAM FILES\ORCAD\LAYOUT\LIBRARY\DIP100T.LLB
Sat Jun 01 14:30:41 Loaded file C:\PROGRAM FILES\ORCAD\LAYOUT\LIBRARY\DSUBT.LLB
Sat Jun 01 14:30:41 Loaded file C:\PROGRAM FILES\ORCAD\LAYOUT\LIBRARY\DSUBT_HD.LLB
Sat Jun 01 14:30:41 Loaded file C:\PROGRAM FILES\ORCAD\LAYOUT\LIBRARY\ECON100T.LLB
Sat Jun 01 14:30:41 Loaded file C:\PROGRAM FILES\ORCAD\LAYOUT\LIBRARY\EMPTY.LLB
Sat Jun 01 14:30:41 Loaded file C:\PROGRAM FILES\ORCAD\LAYOUT\LIBRARY\EX_GUI.LLB
Sat Jun 01 14:30:41 Loaded file C:\PROGRAM FILES\ORCAD\LAYOUT\LIBRARY\FBUS.LLB
Sat Jun 01 14:30:41 Loaded file C:\PROGRAM FILES\ORCAD\LAYOUT\LIBRARY\ISA.LLB
Sat Jun 01 14:30:41 Loaded file C:\PROGRAM FILES\ORCAD\LAYOUT\LIBRARY\JUMPER.LLB
Sat Jun 01 14:30:41 Loaded file C:\PROGRAM FILES\ORCAD\LAYOUT\LIBRARY\LAYOUT.LLB
Sat Jun 01 14:30:41 Loaded file C:\PROGRAM FILES\ORCAD\LAYOUT\LIBRARY\LCON100T.LLB
Sat Jun 01 14:30:41 Loaded file C:\PROGRAM FILES\ORCAD\LAYOUT\LIBRARY\METRIC.LLB
Sat Jun 01 14:30:41 Loaded file C:\PROGRAM FILES\ORCAD\LAYOUT\LIBRARY\PADSTACK.LLB
Sat Jun 01 14:30:41 Loaded file C:\PROGRAM FILES\ORCAD\LAYOUT\LIBRARY\PC104.LLB
Sat Jun 01 14:30:41 Loaded file C:\PROGRAM FILES\ORCAD\LAYOUT\LIBRARY\PCI.LLB
Sat Jun 01 14:30:41 Loaded file C:\PROGRAM FILES\ORCAD\LAYOUT\LIBRARY\PCON100T.LLB
Sat Jun 01 14:30:41 Loaded file C:\PROGRAM FILES\ORCAD\LAYOUT\LIBRARY\PCON156T.LLB
Sat Jun 01 14:30:41 Loaded file C:\PROGRAM FILES\ORCAD\LAYOUT\LIBRARY\PGA.LLB
Sat Jun 01 14:30:41 Loaded file C:\PROGRAM FILES\ORCAD\LAYOUT\LIBRARY\PLCC.LLB
Sat Jun 01 14:30:41 Loaded file C:\PROGRAM FILES\ORCAD\LAYOUT\LIBRARY\QUAD.LLB
Sat Jun 01 14:30:41 Loaded file C:\PROGRAM FILES\ORCAD\LAYOUT\LIBRARY\QUADB.LLB
Sat Jun 01 14:30:41 Loaded file C:\PROGRAM FILES\ORCAD\LAYOUT\LIBRARY\RELAY.LLB
Sat Jun 01 14:30:41 Loaded file C:\PROGRAM FILES\ORCAD\LAYOUT\LIBRARY\RF.LLB
Sat Jun 01 14:30:41 Loaded file C:\PROGRAM FILES\ORCAD\LAYOUT\LIBRARY\SBUS.LLB
Sat Jun 01 14:30:41 Loaded file C:\PROGRAM FILES\ORCAD\LAYOUT\LIBRARY\SIMM050F.LLB
Sat Jun 01 14:30:41 Loaded file C:\PROGRAM FILES\ORCAD\LAYOUT\LIBRARY\SIMM050T.LLB
Sat Jun 01 14:30:41 Loaded file C:\PROGRAM FILES\ORCAD\LAYOUT\LIBRARY\SIMM100F.LLB
Sat Jun 01 14:30:41 Loaded file C:\PROGRAM FILES\ORCAD\LAYOUT\LIBRARY\SIMM100T.LLB
Sat Jun 01 14:30:41 Loaded file C:\PROGRAM FILES\ORCAD\LAYOUT\LIBRARY\SIP.LLB
Sat Jun 01 14:30:41 Loaded file C:\PROGRAM FILES\ORCAD\LAYOUT\LIBRARY\SM.LLB
Sat Jun 01 14:30:41 Loaded file C:\PROGRAM FILES\ORCAD\LAYOUT\LIBRARY\SOG.LLB
Sat Jun 01 14:30:41 Loaded file C:\PROGRAM FILES\ORCAD\LAYOUT\LIBRARY\SOJ.LLB
Sat Jun 01 14:30:41 Loaded file C:\PROGRAM FILES\ORCAD\LAYOUT\LIBRARY\STIFF.LLB
Sat Jun 01 14:30:41 Loaded file C:\PROGRAM FILES\ORCAD\LAYOUT\LIBRARY\TELE.LLB
Sat Jun 01 14:30:41 Loaded file C:\PROGRAM FILES\ORCAD\LAYOUT\LIBRARY\TM_AXIAL.LLB
Sat Jun 01 14:30:41 Loaded file C:\PROGRAM FILES\ORCAD\LAYOUT\LIBRARY\TM_CAP_P.LLB
Sat Jun 01 14:30:41 Loaded file C:\PROGRAM FILES\ORCAD\LAYOUT\LIBRARY\TM_CYLND.LLB
Sat Jun 01 14:30:41 Loaded file C:\PROGRAM FILES\ORCAD\LAYOUT\LIBRARY\TM_DIODE.LLB
Sat Jun 01 14:30:41 Loaded file C:\PROGRAM FILES\ORCAD\LAYOUT\LIBRARY\TM_DISC.LLB
Sat Jun 01 14:30:41 Loaded file C:\PROGRAM FILES\ORCAD\LAYOUT\LIBRARY\TM_RAD.LLB
Sat Jun 01 14:30:41 Loaded file C:\PROGRAM FILES\ORCAD\LAYOUT\LIBRARY\TO.LLB
Sat Jun 01 14:30:41 Loaded file C:\PROGRAM FILES\ORCAD\LAYOUT\LIBRARY\TRAINING.LLB
Sat Jun 01 14:30:41 Loaded file C:\PROGRAM FILES\ORCAD\LAYOUT\LIBRARY\VRES.LLB
Sat Jun 01 14:30:41 Loaded file C:\PROGRAM FILES\ORCAD\LAYOUT\LIBRARY\WCON100T.LLB
Sat Jun 01 14:30:41 Loaded file C:\PROGRAM FILES\ORCAD\LAYOUT\LIBRARY\XT.LLB
Sat Jun 01 14:30:41 Loaded file C:\PROGRAM FILES\ORCAD\LAYOUT\LIBRARY\ZIGZAG.LLB
Sat Jun 01 14:30:41 Loaded file D:\DROPBOX12_2016\DROPBOX\ORCAD LIB\HBAOCRLIB_HOME.LLB
Sat Jun 01 14:30:41 Loaded file D:\DROPBOX12_2016\DROPBOX\ORCAD LIB\JUM.LLB
Sat Jun 01 14:30:41 Loaded file D:\DROPBOX12_2016\DROPBOX\ORCAD LIB\MICRO_SD_TME_SOCKET.LLB
Sat Jun 01 14:30:41 Loaded file D:\DROPBOX12_2016\DROPBOX\ORCAD LIB\PAYITFORWARD_FOOTPRINT_01012012.LLB
Sat Jun 01 14:30:41 Loaded file D:\DROPBOX12_2016\DROPBOX\ORCAD LIB\RFID.LLB
Sat Jun 01 14:30:41 Loaded file D:\DROPBOX12_2016\DROPBOX\ORCAD LIB\RJ45_HR911102A.LLB
Sat Jun 01 14:30:41 Loaded file D:\DROPBOX12_2016\DROPBOX\ORCAD LIB\SELAB_FOOTPRINT_LIB.LLB
Sat Jun 01 14:30:41 Loaded file D:\DROPBOX12_2016\DROPBOX\ORCAD LIB\TDF_V11_DESCRIBLE.LLB
Sat Jun 01 14:30:41 Loaded file D:\DROPBOX12_2016\DROPBOX\ORCAD LIB\THU VIEN.LLB
Sat Jun 01 14:30:41 Loaded file D:\DROPBOX12_2016\DROPBOX\ORCAD LIB\USBMINI.LLB
Sat Jun 01 14:30:41 Loaded file C:\Program Files\Orcad\Layout_Plus\library\BCON100T.llb
Sat Jun 01 14:30:41 Loaded file C:\Program Files\Orcad\Layout_Plus\library\BCON156T.llb
Sat Jun 01 14:30:41 Loaded file C:\Program Files\Orcad\Layout_Plus\library\BGA.llb
Sat Jun 01 14:30:41 Loaded file C:\Program Files\Orcad\Layout_Plus\library\CLCC.llb
Sat Jun 01 14:30:41 Loaded file C:\Program Files\Orcad\Layout_Plus\library\DCON050T.llb
Sat Jun 01 14:30:41 Loaded file C:\Program Files\Orcad\Layout_Plus\library\DCON085T.llb
Sat Jun 01 14:30:41 Loaded file C:\Program Files\Orcad\Layout_Plus\library\DIMM050F.llb
Sat Jun 01 14:30:41 Loaded file C:\Program Files\Orcad\Layout_Plus\library\DIMM050T.llb
Sat Jun 01 14:30:41 Loaded file C:\Program Files\Orcad\Layout_Plus\library\DIN.llb
Sat Jun 01 14:30:41 Loaded file C:\Program Files\Orcad\Layout_Plus\library\DIP100B.llb
Sat Jun 01 14:30:41 Loaded file C:\Program Files\Orcad\Layout_Plus\library\DIP100T.llb
Sat Jun 01 14:30:41 Loaded file C:\Program Files\Orcad\Layout_Plus\library\DSUBT.llb
Sat Jun 01 14:30:41 Loaded file C:\Program Files\Orcad\Layout_Plus\library\DSUBT_HD.LLB
Sat Jun 01 14:30:41 Loaded file C:\Program Files\Orcad\Layout_Plus\library\ECON100T.llb
Sat Jun 01 14:30:41 Loaded file C:\Program Files\Orcad\Layout_Plus\library\FBUS.llb
Sat Jun 01 14:30:41 Loaded file C:\Program Files\Orcad\Layout_Plus\library\ISA.llb
Sat Jun 01 14:30:41 Loaded file C:\Program Files\Orcad\Layout_Plus\library\JUMPER.LLB
Sat Jun 01 14:30:41 Loaded file C:\Program Files\Orcad\Layout_Plus\library\LAYOUT.llb
Sat Jun 01 14:30:41 Loaded file C:\Program Files\Orcad\Layout_Plus\library\LCON100T.llb
Sat Jun 01 14:30:41 Loaded file C:\Program Files\Orcad\Layout_Plus\library\PC104.llb
Sat Jun 01 14:30:41 Loaded file C:\Program Files\Orcad\Layout_Plus\library\PCI.llb
Sat Jun 01 14:30:42 Loaded file C:\Program Files\Orcad\Layout_Plus\library\PCON100T.llb
Sat Jun 01 14:30:42 Loaded file C:\Program Files\Orcad\Layout_Plus\library\PCON156T.llb
Sat Jun 01 14:30:42 Loaded file C:\Program Files\Orcad\Layout_Plus\library\PGA.llb
Sat Jun 01 14:30:42 Loaded file C:\Program Files\Orcad\Layout_Plus\library\PLCC.llb
Sat Jun 01 14:30:42 Loaded file C:\Program Files\Orcad\Layout_Plus\library\QUAD.llb
Sat Jun 01 14:30:42 Loaded file C:\Program Files\Orcad\Layout_Plus\library\QUADB.llb
Sat Jun 01 14:30:42 Loaded file C:\Program Files\Orcad\Layout_Plus\library\RELAY.llb
Sat Jun 01 14:30:42 Loaded file C:\Program Files\Orcad\Layout_Plus\library\RF.llb
Sat Jun 01 14:30:42 Loaded file C:\Program Files\Orcad\Layout_Plus\library\SBUS.llb
Sat Jun 01 14:30:42 Loaded file C:\Program Files\Orcad\Layout_Plus\library\SIMM050F.llb
Sat Jun 01 14:30:42 Loaded file C:\Program Files\Orcad\Layout_Plus\library\SIMM050T.llb
Sat Jun 01 14:30:42 Loaded file C:\Program Files\Orcad\Layout_Plus\library\SIMM100F.llb
Sat Jun 01 14:30:42 Loaded file C:\Program Files\Orcad\Layout_Plus\library\SIMM100T.llb
Sat Jun 01 14:30:42 Loaded file C:\Program Files\Orcad\Layout_Plus\library\SIP.llb
Sat Jun 01 14:30:42 Loaded file C:\Program Files\Orcad\Layout_Plus\library\SM.llb
Sat Jun 01 14:30:42 Loaded file C:\Program Files\Orcad\Layout_Plus\library\SOG.llb
Sat Jun 01 14:30:42 Loaded file C:\Program Files\Orcad\Layout_Plus\library\SOJ.llb
Sat Jun 01 14:30:42 Loaded file C:\Program Files\Orcad\Layout_Plus\library\STIFF.llb
Sat Jun 01 14:30:42 Loaded file C:\Program Files\Orcad\Layout_Plus\library\TELE.llb
Sat Jun 01 14:30:42 Loaded file C:\Program Files\Orcad\Layout_Plus\library\TM_AXIAL.llb
Sat Jun 01 14:30:42 Loaded file C:\Program Files\Orcad\Layout_Plus\library\TM_CAP_P.llb
Sat Jun 01 14:30:42 Loaded file C:\Program Files\Orcad\Layout_Plus\library\TM_CYLND.llb
Sat Jun 01 14:30:42 Loaded file C:\Program Files\Orcad\Layout_Plus\library\TM_DIODE.llb
Sat Jun 01 14:30:42 Loaded file C:\Program Files\Orcad\Layout_Plus\library\TM_DISC.llb
Sat Jun 01 14:30:42 Loaded file C:\Program Files\Orcad\Layout_Plus\library\TM_RAD.llb
Sat Jun 01 14:30:42 Loaded file C:\Program Files\Orcad\Layout_Plus\library\TO.llb
Sat Jun 01 14:30:42 Loaded file C:\Program Files\Orcad\Layout_Plus\library\TRAINING.LLB
Sat Jun 01 14:30:42 Loaded file C:\Program Files\Orcad\Layout_Plus\library\VRES.llb
Sat Jun 01 14:30:42 Loaded file C:\Program Files\Orcad\Layout_Plus\library\WCON100T.llb
Sat Jun 01 14:30:42 Loaded file C:\Program Files\Orcad\Layout_Plus\library\XT.llb
Sat Jun 01 14:30:42 Loaded file C:\Program Files\Orcad\Layout_Plus\library\ZIGZAG.llb
Sat Jun 01 14:30:42 Saved as file E:\PROJECTHOANGXU\2019\ESP32_RELAY\HW\V3\ESP8266D1-RELAY-ONLY.MAX
Sat Jun 01 14:30:43 Loaded file E:\PROJECTHOANGXU\2019\ESP32_RELAY\HW\V3\ESP8266D1-RELAY-ONLY.MAX
Sat Jun 01 14:36:17 Loaded file C:\Program Files\Orcad\Layout_Plus\data\template.imp
Sat Jun 01 14:36:17 Loaded file C:\Program Files\Orcad\Layout_Plus\data\template.imp
Sat Jun 01 14:36:17 Loaded file C:\Program Files\Orcad\Layout_Plus\data\template.imp
Sat Jun 01 14:36:17 Loaded file C:\Program Files\Orcad\Layout_Plus\data\template.imp
Sat Jun 01 14:43:10 Saved as file BACKUP1.MAX
Sat Jun 01 14:55:10 Saved as file BACKUP1.MAX
Sat Jun 01 15:01:03 Loaded file C:\Program Files\Orcad\Layout_Plus\data\template.imp
Sat Jun 01 15:01:03 Loaded file C:\Program Files\Orcad\Layout_Plus\data\template.imp
Sat Jun 01 15:01:03 Loaded file C:\Program Files\Orcad\Layout_Plus\data\template.imp
Sat Jun 01 15:01:03 Loaded file C:\Program Files\Orcad\Layout_Plus\data\template.imp
Sat Jun 01 15:01:07 Loaded file C:\Program Files\Orcad\Layout_Plus\data\template.imp
Sat Jun 01 15:06:09 Saved as file BACKUP1.MAX
Sat Jun 01 15:16:39 Saved as file BACKUP1.MAX
Sat Jun 01 15:19:05 Saved as file ~undo.max
Sat Jun 01 15:19:06 Saved as file ~undo.max
Sat Jun 01 15:19:54 Saved as file ~undo.max
Sat Jun 01 15:21:31 Saved as file ~undo.max
Sat Jun 01 15:22:22 Saved as file ~undo.max
Sat Jun 01 15:22:46 Saved as file ~undo.max
Sat Jun 01 15:23:49 Saved as file ~undo.max
Sat Jun 01 15:24:03 Saved as file ~undo.max
Sat Jun 01 15:24:35 Saved as file ~undo.max
Sat Jun 01 15:24:48 Saved as file ~undo.max
Sat Jun 01 15:24:49 Saved as file ~undo.max
Sat Jun 01 15:25:16 Saved as file ~undo.max
Sat Jun 01 15:25:17 Saved as file ~undo.max
Sat Jun 01 15:25:17 Saved as file ~undo.max
Sat Jun 01 15:25:18 Saved as file ~undo.max
Sat Jun 01 15:25:35 Saved as file ~undo.max
Sat Jun 01 15:25:36 Saved as file ~undo.max
Sat Jun 01 15:26:40 Saved as file BACKUP1.MAX
Sat Jun 01 15:27:47 Saved as file ~undo.max
Sat Jun 01 15:27:48 Saved as file ~undo.max
Sat Jun 01 15:27:48 Saved as file ~undo.max
Sat Jun 01 15:31:19 Saved as file ~undo.max
Sat Jun 01 15:33:07 Saved as file E:\PROJECTHOANGXU\2019\ESP32_RELAY\HW\V3\ESP8266D1-RELAY-ONLY.MAX
Sat Jun 01 15:34:27 Saved as file ~undo.max
Sat Jun 01 15:34:28 Saved as file ~undo.max
Sat Jun 01 15:37:09 Saved as file BACKUP1.MAX
Sat Jun 01 15:42:12 Saved as file ~undo.max
Sat Jun 01 15:42:12 Saved as file ~undo.max
Sat Jun 01 15:45:34 Saved as file ~undo.max
Sat Jun 01 15:46:28 Saved as file ~undo.max
Sat Jun 01 15:47:10 Saved as file ~undo.max
Sat Jun 01 15:47:11 Saved as file ~undo.max
Sat Jun 01 15:47:11 Saved as file ~undo.max
Sat Jun 01 15:47:39 Saved as file BACKUP1.MAX
Sat Jun 01 15:47:48 Saved as file ~undo.max
Sat Jun 01 15:48:33 Saved as file ~undo.max
Sat Jun 01 15:49:51 Saved as file ~undo.max
Sat Jun 01 15:51:36 Saved as file ~undo.max
Sat Jun 01 15:57:39 Saved as file BACKUP1.MAX
Sat Jun 01 15:59:39 Saved as file ~undo.max
Sat Jun 01 16:00:41 Saved as file ~undo.max
Sat Jun 01 16:08:09 Saved as file BACKUP1.MAX
Sat Jun 01 16:09:44 Saved as file ~undo.max
Sat Jun 01 16:14:50 Saved as file ~undo.max
Sat Jun 01 16:14:59 Saved as file ~undo.max
Sat Jun 01 16:14:59 Saved as file ~undo.max
Sat Jun 01 16:14:59 Saved as file ~undo.max
Sat Jun 01 16:15:00 Saved as file ~undo.max
Sat Jun 01 16:15:00 Saved as file ~undo.max
Sat Jun 01 16:18:39 Saved as file BACKUP1.MAX
Sat Jun 01 16:19:44 Saved as file ~undo.max
Sat Jun 01 16:28:35 Saved as file ~undo.max
Sat Jun 01 16:29:09 Saved as file BACKUP1.MAX
Sat Jun 01 16:33:04 Saved as file ~undo.max
Sat Jun 01 16:39:09 Saved as file BACKUP1.MAX
Sat Jun 01 16:42:26 Saved as file ~undo.max
Sat Jun 01 16:42:27 Saved as file ~undo.max
Sat Jun 01 16:42:27 Saved as file ~undo.max
Sat Jun 01 16:42:27 Saved as file ~undo.max
Sat Jun 01 16:42:28 Saved as file ~undo.max
Sat Jun 01 16:42:28 Saved as file ~undo.max
Sat Jun 01 16:42:28 Saved as file ~undo.max
Sat Jun 01 16:45:33 Saved as file ~undo.max
Sat Jun 01 16:45:46 Saved as file ~undo.max
Sat Jun 01 16:47:04 Saved as file ~undo.max
Sat Jun 01 16:47:12 Saved as file E:\PROJECTHOANGXU\2019\ESP32_RELAY\HW\V3\ESP8266D1-RELAY-ONLY.MAX
Sat Jun 01 16:49:09 Saved as file BACKUP1.MAX
Sat Jun 01 16:59:39 Saved as file BACKUP1.MAX
Sat Jun 01 17:10:09 Saved as file BACKUP1.MAX
Sat Jun 01 17:12:07 Loaded file C:\Program Files\Orcad\Layout_Plus\data\template.imp
Sat Jun 01 17:12:07 Loaded file C:\Program Files\Orcad\Layout_Plus\data\template.imp
Sat Jun 01 17:12:07 Loaded file C:\Program Files\Orcad\Layout_Plus\data\template.imp
Sat Jun 01 17:12:07 Loaded file C:\Program Files\Orcad\Layout_Plus\data\template.imp
Sat Jun 01 17:12:11 Loaded file E:\PROJECTHOANGXU\2019\ESP32_RELAY\HW\V3\ESP826D1_CENTER_RL_V3.LLB
Sat Jun 01 17:12:13 Loaded file C:\PROGRAM FILES\ORCAD\LAYOUT\LIBRARY\TELE.LLB
Sat Jun 01 17:12:13 Loaded file C:\PROGRAM FILES\ORCAD\LAYOUT\LIBRARY\TM_AXIAL.LLB
Sat Jun 01 17:12:14 Loaded file C:\PROGRAM FILES\ORCAD\LAYOUT\LIBRARY\TM_CAP_P.LLB
Sat Jun 01 17:12:14 Loaded file C:\PROGRAM FILES\ORCAD\LAYOUT\LIBRARY\TM_CYLND.LLB
Sat Jun 01 17:12:14 Loaded file C:\PROGRAM FILES\ORCAD\LAYOUT\LIBRARY\TM_DIODE.LLB
Sat Jun 01 17:12:15 Loaded file C:\PROGRAM FILES\ORCAD\LAYOUT\LIBRARY\TM_DISC.LLB
Sat Jun 01 17:12:15 Loaded file C:\PROGRAM FILES\ORCAD\LAYOUT\LIBRARY\TM_RAD.LLB
Sat Jun 01 17:12:15 Loaded file C:\PROGRAM FILES\ORCAD\LAYOUT\LIBRARY\TO.LLB
Sat Jun 01 17:12:16 Loaded file C:\PROGRAM FILES\ORCAD\LAYOUT\LIBRARY\TRAINING.LLB
Sat Jun 01 17:12:16 Loaded file D:\DROPBOX12_2016\DROPBOX\ORCAD LIB\TDF_V11_DESCRIBLE.LLB
Sat Jun 01 17:12:16 Loaded file D:\DROPBOX12_2016\DROPBOX\ORCAD LIB\THU VIEN.LLB
Sat Jun 01 17:12:18 Loaded file C:\Program Files\Orcad\Layout_Plus\data\template.imp
Sat Jun 01 17:12:19 Loaded file C:\Program Files\Orcad\Layout_Plus\data\template.imp
Sat Jun 01 17:12:20 Loaded file C:\Program Files\Orcad\Layout_Plus\data\template.imp
Sat Jun 01 17:12:20 Loaded file C:\Program Files\Orcad\Layout_Plus\data\template.imp
Sat Jun 01 17:12:20 Loaded file C:\Program Files\Orcad\Layout_Plus\data\template.imp
Sat Jun 01 17:12:20 Loaded file C:\Program Files\Orcad\Layout_Plus\data\template.imp
Sat Jun 01 17:12:20 Loaded file C:\Program Files\Orcad\Layout_Plus\data\template.imp
Sat Jun 01 17:12:20 Loaded file C:\Program Files\Orcad\Layout_Plus\data\template.imp
Sat Jun 01 17:12:20 Loaded file C:\Program Files\Orcad\Layout_Plus\data\template.imp
Sat Jun 01 17:12:20 Loaded file C:\Program Files\Orcad\Layout_Plus\data\template.imp
Sat Jun 01 17:12:20 Loaded file C:\Program Files\Orcad\Layout_Plus\data\template.imp
Sat Jun 01 17:12:20 Loaded file C:\Program Files\Orcad\Layout_Plus\data\template.imp
Sat Jun 01 17:12:20 Loaded file C:\Program Files\Orcad\Layout_Plus\data\template.imp
Sat Jun 01 17:12:20 Loaded file C:\Program Files\Orcad\Layout_Plus\data\template.imp
Sat Jun 01 17:12:21 Loaded file C:\Program Files\Orcad\Layout_Plus\data\template.imp
Sat Jun 01 17:12:21 Loaded file C:\Program Files\Orcad\Layout_Plus\data\template.imp
Sat Jun 01 17:12:21 Loaded file C:\Program Files\Orcad\Layout_Plus\data\template.imp
Sat Jun 01 17:12:22 Loaded file C:\Program Files\Orcad\Layout_Plus\data\template.imp
Sat Jun 01 17:12:22 Loaded file C:\Program Files\Orcad\Layout_Plus\data\template.imp
Sat Jun 01 17:12:22 Loaded file C:\Program Files\Orcad\Layout_Plus\data\template.imp
Sat Jun 01 17:12:22 Loaded file C:\Program Files\Orcad\Layout_Plus\data\template.imp
Sat Jun 01 17:12:22 Loaded file C:\Program Files\Orcad\Layout_Plus\data\template.imp
Sat Jun 01 17:12:22 Loaded file C:\Program Files\Orcad\Layout_Plus\data\template.imp
Sat Jun 01 17:12:22 Loaded file C:\Program Files\Orcad\Layout_Plus\data\template.imp
Sat Jun 01 17:12:22 Loaded file C:\Program Files\Orcad\Layout_Plus\data\template.imp
Sat Jun 01 17:12:22 Loaded file C:\Program Files\Orcad\Layout_Plus\data\template.imp
Sat Jun 01 17:12:22 Loaded file C:\Program Files\Orcad\Layout_Plus\data\template.imp
Sat Jun 01 17:12:22 Loaded file C:\Program Files\Orcad\Layout_Plus\data\template.imp
Sat Jun 01 17:12:22 Loaded file C:\Program Files\Orcad\Layout_Plus\data\template.imp
Sat Jun 01 17:12:22 Loaded file C:\Program Files\Orcad\Layout_Plus\data\template.imp
Sat Jun 01 17:12:22 Loaded file C:\Program Files\Orcad\Layout_Plus\data\template.imp
Sat Jun 01 17:12:22 Loaded file C:\Program Files\Orcad\Layout_Plus\data\template.imp
Sat Jun 01 17:12:22 Loaded file C:\Program Files\Orcad\Layout_Plus\data\template.imp
Sat Jun 01 17:12:22 Loaded file C:\Program Files\Orcad\Layout_Plus\data\template.imp
Sat Jun 01 17:12:22 Loaded file C:\Program Files\Orcad\Layout_Plus\data\template.imp
Sat Jun 01 17:12:23 Loaded file C:\Program Files\Orcad\Layout_Plus\data\template.imp
Sat Jun 01 17:12:23 Loaded file C:\Program Files\Orcad\Layout_Plus\data\template.imp
Sat Jun 01 17:12:23 Loaded file C:\Program Files\Orcad\Layout_Plus\data\template.imp
Sat Jun 01 17:12:23 Loaded file C:\Program Files\Orcad\Layout_Plus\data\template.imp
Sat Jun 01 17:12:23 Loaded file C:\Program Files\Orcad\Layout_Plus\data\template.imp
Sat Jun 01 17:12:23 Loaded file C:\Program Files\Orcad\Layout_Plus\data\template.imp
Sat Jun 01 17:12:23 Loaded file C:\Program Files\Orcad\Layout_Plus\data\template.imp
Sat Jun 01 17:12:23 Loaded file C:\Program Files\Orcad\Layout_Plus\data\template.imp
Sat Jun 01 17:12:23 Loaded file C:\Program Files\Orcad\Layout_Plus\data\template.imp
Sat Jun 01 17:12:23 Loaded file C:\Program Files\Orcad\Layout_Plus\data\template.imp
Sat Jun 01 17:12:23 Loaded file C:\Program Files\Orcad\Layout_Plus\data\template.imp
Sat Jun 01 17:12:23 Loaded file C:\Program Files\Orcad\Layout_Plus\data\template.imp
Sat Jun 01 17:12:23 Loaded file C:\Program Files\Orcad\Layout_Plus\data\template.imp
Sat Jun 01 17:12:24 Loaded file C:\Program Files\Orcad\Layout_Plus\data\template.imp
Sat Jun 01 17:12:24 Loaded file C:\Program Files\Orcad\Layout_Plus\data\template.imp
Sat Jun 01 17:12:24 Loaded file C:\Program Files\Orcad\Layout_Plus\data\template.imp
Sat Jun 01 17:12:24 Loaded file C:\Program Files\Orcad\Layout_Plus\data\template.imp
Sat Jun 01 17:12:24 Loaded file C:\Program Files\Orcad\Layout_Plus\data\template.imp
Sat Jun 01 17:12:25 Loaded file C:\Program Files\Orcad\Layout_Plus\data\template.imp
Sat Jun 01 17:12:25 Loaded file C:\Program Files\Orcad\Layout_Plus\data\template.imp
Sat Jun 01 17:12:25 Loaded file C:\Program Files\Orcad\Layout_Plus\data\template.imp
Sat Jun 01 17:12:26 Loaded file C:\Program Files\Orcad\Layout_Plus\data\template.imp
Sat Jun 01 17:12:26 Loaded file C:\Program Files\Orcad\Layout_Plus\data\template.imp
Sat Jun 01 17:12:43 Loaded file C:\Program Files\Orcad\Layout_Plus\data\template.imp
Sat Jun 01 17:12:43 Loaded file C:\Program Files\Orcad\Layout_Plus\data\template.imp
Sat Jun 01 17:12:43 Loaded file C:\Program Files\Orcad\Layout_Plus\data\template.imp
Sat Jun 01 17:12:43 Loaded file C:\Program Files\Orcad\Layout_Plus\data\template.imp
Sat Jun 01 17:12:44 Loaded file E:\PROJECTHOANGXU\2019\ESP32_RELAY\HW\ESP-WROOM-32.LLB
Sat Jun 01 17:12:46 Loaded file C:\PROGRAM FILES\ORCAD\LAYOUT\LIBRARY\TELE.LLB
Sat Jun 01 17:12:46 Loaded file C:\PROGRAM FILES\ORCAD\LAYOUT\LIBRARY\TM_AXIAL.LLB
Sat Jun 01 17:12:46 Loaded file C:\PROGRAM FILES\ORCAD\LAYOUT\LIBRARY\TM_CAP_P.LLB
Sat Jun 01 17:12:47 Loaded file C:\PROGRAM FILES\ORCAD\LAYOUT\LIBRARY\TM_CYLND.LLB
Sat Jun 01 17:12:47 Loaded file C:\PROGRAM FILES\ORCAD\LAYOUT\LIBRARY\TM_DIODE.LLB
Sat Jun 01 17:12:47 Loaded file C:\PROGRAM FILES\ORCAD\LAYOUT\LIBRARY\TM_DISC.LLB
Sat Jun 01 17:12:47 Loaded file C:\PROGRAM FILES\ORCAD\LAYOUT\LIBRARY\TM_RAD.LLB
Sat Jun 01 17:12:47 Loaded file C:\PROGRAM FILES\ORCAD\LAYOUT\LIBRARY\TO.LLB
Sat Jun 01 17:12:48 Loaded file C:\PROGRAM FILES\ORCAD\LAYOUT\LIBRARY\TRAINING.LLB
Sat Jun 01 17:12:48 Loaded file D:\DROPBOX12_2016\DROPBOX\ORCAD LIB\TDF_V11_DESCRIBLE.LLB
Sat Jun 01 17:12:48 Loaded file D:\DROPBOX12_2016\DROPBOX\ORCAD LIB\THU VIEN.LLB
Sat Jun 01 17:12:53 Loaded file C:\Program Files\Orcad\Layout_Plus\data\template.imp
Sat Jun 01 17:14:43 Saved as file ~undo.max
Sat Jun 01 17:14:45 Saved as file ~undo.max
Sat Jun 01 17:15:05 Saved as file ~undo.max
Sat Jun 01 17:15:55 Saved as file ~undo.max
Sat Jun 01 17:18:50 Saved as file ~undo.max
Sat Jun 01 17:19:31 Saved as file ~undo.max
Sat Jun 01 17:19:32 Saved as file ~undo.max
Sat Jun 01 17:19:58 Saved as file ~undo.max
Sat Jun 01 17:21:16 Saved as file ~undo.max
Sat Jun 01 17:21:16 Saved as file ~undo.max
Sat Jun 01 17:21:17 Saved as file ~undo.max
Sat Jun 01 17:21:17 Saved as file ~undo.max
Sat Jun 01 17:21:17 Saved as file ~undo.max
Sat Jun 01 17:21:39 Saved as file BACKUP1.MAX
Sat Jun 01 17:22:00 Saved as file E:\PROJECTHOANGXU\2019\ESP32_RELAY\HW\V3\ESP8266D1-RELAY-ONLY.MAX
Sat Jun 01 17:22:29 Saved as file E:\PROJECTHOANGXU\2019\ESP32_RELAY\HW\V3\ESP8266D1-RELAY-ONLY.MAX
Sat Jun 01 17:32:10 Saved as file BACKUP1.MAX
Sat Jun 01 17:40:43 Saved as file E:\PROJECTHOANGXU\2019\ESP32_RELAY\HW\V3\NUTNHANCONG.LLB
Sat Jun 01 17:40:43 Loaded file E:\PROJECTHOANGXU\2019\ESP32_RELAY\HW\V3\NUTNHANCONG.LLB
Sat Jun 01 17:40:43 Saved as file E:\PROJECTHOANGXU\2019\ESP32_RELAY\HW\V3\NUTNHANCONG.LLB
Sat Jun 01 17:40:46 Loaded file E:\PROJECTHOANGXU\2019\ESP32_RELAY\HW\V3\NUTNHANCONG.LLB
Sat Jun 01 17:40:46 Saved as file E:\PROJECTHOANGXU\2019\ESP32_RELAY\HW\V3\NUTNHANCONG.LLB
Sat Jun 01 17:41:00 Loaded file C:\Program Files\Orcad\Layout_Plus\data\template.imp
Sat Jun 01 17:41:00 Loaded file C:\Program Files\Orcad\Layout_Plus\data\template.imp
Sat Jun 01 17:41:00 Loaded file C:\Program Files\Orcad\Layout_Plus\data\template.imp
Sat Jun 01 17:41:00 Loaded file C:\Program Files\Orcad\Layout_Plus\data\template.imp
Sat Jun 01 17:41:03 Loaded file E:\PROJECTHOANGXU\2019\ESP32_RELAY\HW\V3\NUTNHANCONG.LLB
Sat Jun 01 17:41:04 Loaded file C:\Program Files\Orcad\Layout_Plus\data\template.imp
Sat Jun 01 17:42:40 Saved as file BACKUP1.MAX
Sat Jun 01 17:42:53 Saved as file E:\PROJECTHOANGXU\2019\ESP32_RELAY\HW\V3\ESP8266D1-RELAY-ONLY.MAX
Sat Jun 01 17:46:07 Saved as file ~undo.max
Sat Jun 01 17:46:07 Saved as file ~undo.max
Sat Jun 01 17:46:08 Saved as file ~undo.max
Sat Jun 01 17:46:08 Saved as file ~undo.max
Sat Jun 01 17:46:53 Saved as file ~undo.max
Sat Jun 01 17:48:00 Saved as file ~undo.max
Sat Jun 01 17:48:01 Saved as file ~undo.max
Sat Jun 01 17:48:01 Saved as file ~undo.max
Sat Jun 01 17:48:02 Saved as file ~undo.max
Sat Jun 01 17:48:02 Saved as file ~undo.max
Sat Jun 01 17:50:17 Saved as file ~undo.max
Sat Jun 01 17:52:42 Saved as file ~undo.max
Sat Jun 01 17:53:10 Saved as file BACKUP1.MAX
Sat Jun 01 17:53:32 Saved as file ~undo.max
Sat Jun 01 17:53:33 Saved as file ~undo.max
Sat Jun 01 17:53:58 Saved as file ~undo.max
Sat Jun 01 17:53:59 Saved as file ~undo.max
Sat Jun 01 17:54:21 Saved as file ~undo.max
Sat Jun 01 17:54:22 Saved as file ~undo.max
Sat Jun 01 17:54:23 Saved as file ~undo.max
Sat Jun 01 17:54:34 Saved as file ~undo.max
Sat Jun 01 17:54:57 Saved as file ~undo.max
Sat Jun 01 17:54:59 Saved as file ~undo.max
Sat Jun 01 17:55:27 Saved as file ~undo.max
Sat Jun 01 17:55:43 Saved as file ~undo.max
Sat Jun 01 17:57:28 Saved as file ~undo.max
Sat Jun 01 17:57:29 Saved as file ~undo.max
Sat Jun 01 17:59:12 Saved as file ~undo.max
Sat Jun 01 18:00:20 Saved as file ~undo.max
Sat Jun 01 18:00:48 Saved as file ~undo.max
Sat Jun 01 18:00:48 Saved as file ~undo.max
Sat Jun 01 18:00:50 Saved as file ~undo.max
Sat Jun 01 18:00:50 Saved as file ~undo.max
Sat Jun 01 18:00:50 Saved as file ~undo.max
Sat Jun 01 18:00:51 Saved as file ~undo.max
Sat Jun 01 18:00:51 Saved as file ~undo.max
Sat Jun 01 18:03:39 Saved as file BACKUP1.MAX
Sat Jun 01 18:05:14 Saved as file ~undo.max
Sat Jun 01 18:05:14 Saved as file ~undo.max
Sat Jun 01 18:06:27 Saved as file ~undo.max
Sat Jun 01 18:06:27 Saved as file ~undo.max
Sat Jun 01 18:06:34 Saved as file ~undo.max
Sat Jun 01 18:06:35 Saved as file ~undo.max
Sat Jun 01 18:06:35 Saved as file ~undo.max
Sat Jun 01 18:06:36 Saved as file ~undo.max
Sat Jun 01 18:07:43 Saved as file ~undo.max
Sat Jun 01 18:07:43 Saved as file ~undo.max
Sat Jun 01 18:07:43 Saved as file ~undo.max
Sat Jun 01 18:08:45 Saved as file ~undo.max
Sat Jun 01 18:08:46 Saved as file ~undo.max
Sat Jun 01 18:11:43 Saved as file ~undo.max
Sat Jun 01 18:12:35 Saved as file ~undo.max
Sat Jun 01 18:12:36 Saved as file ~undo.max
Sat Jun 01 18:13:40 Saved as file BACKUP1.MAX
Sat Jun 01 18:18:46 Saved as file ~undo.max
Sat Jun 01 18:21:36 Saved as file E:\PROJECTHOANGXU\2019\ESP32_RELAY\HW\V3\ESP8266D1-RELAY-ONLY.MAX
Sat Jun 01 18:21:50 Saved as file ~undo.max
Sat Jun 01 18:24:40 Saved as file BACKUP1.MAX
Sat Jun 01 18:31:25 Saved as file ~undo.max
Sat Jun 01 18:31:37 Saved as file E:\PROJECTHOANGXU\2019\ESP32_RELAY\HW\V3\ESP8266D1-RELAY-ONLY.MAX
Sat Jun 01 18:31:39 Saved as file E:\PROJECTHOANGXU\2019\ESP32_RELAY\HW\V3\ESP8266D1-RELAY-ONLY.MAX
Sat Jun 01 18:31:54 Saved as file E:\PROJECTHOANGXU\2019\ESP32_RELAY\HW\V3\ESP8266_V3.MAX
Sat Jun 01 18:34:55 Saved as file ~undo.max
Sat Jun 01 18:35:40 Saved as file BACKUP1.MAX
Sat Jun 01 18:37:09 Saved as file ~undo.max
Sat Jun 01 18:37:36 Saved as file ~undo.max
Sat Jun 01 18:39:12 Saved as file E:\PROJECTHOANGXU\2019\ESP32_RELAY\HW\V3\ESP8266_V3.MAX
Sat Jun 01 18:47:10 Saved as file BACKUP1.MAX
Sat Jun 01 18:55:04 Saved as file E:\PROJECTHOANGXU\2019\ESP32_RELAY\HW\V3\ESP8266_V3.MAX
Sat Jun 01 18:55:11 Saved as file E:\PROJECTHOANGXU\2019\ESP32_RELAY\HW\V3\ESP8266_V3_RL.MAX
